<?xml version="1.0" encoding="UTF-8"?>
<!-- Generated by org.testng.reporters.JUnitXMLReporter -->
<testsuite hostname="PSNGI3228" name="Default test" tests="4" failures="0" timestamp="29 Feb 2016 14:19:50 GMT" time="0.055" errors="0">
  <testcase name="@BeforeClass setup" time="0.0" classname="com.main.testcases.Workflow1">
    <failure type="org.testng.TestNGException" message="
Parameter &amp;apos;browser&amp;apos; is required by @Configuration on method setup but has not been marked @Optional or defined
in C:\Users\ankit_agrawal\AppData\Local\Temp\testng-eclipse--1221404622\testng-customsuite.xml">
      <![CDATA[org.testng.TestNGException: 
Parameter 'browser' is required by @Configuration on method setup but has not been marked @Optional or defined
in C:\Users\ankit_agrawal\AppData\Local\Temp\testng-eclipse--1221404622\testng-customsuite.xml
	at org.testng.internal.Parameters.createParameters(Parameters.java:159)
	at org.testng.internal.Parameters.createParameters(Parameters.java:372)
	at org.testng.internal.Parameters.createConfigurationParameters(Parameters.java:90)
	at org.testng.internal.Invoker.invokeConfigurations(Invoker.java:199)
	at org.testng.internal.Invoker.invokeConfigurations(Invoker.java:140)
	at org.testng.internal.TestMethodWorker.invokeBeforeClassMethods(TestMethodWorker.java:170)
	at org.testng.internal.TestMethodWorker.run(TestMethodWorker.java:104)
	at org.testng.TestRunner.privateRun(TestRunner.java:771)
	at org.testng.TestRunner.run(TestRunner.java:621)
	at org.testng.SuiteRunner.runTest(SuiteRunner.java:357)
	at org.testng.SuiteRunner.runSequentially(SuiteRunner.java:352)
	at org.testng.SuiteRunner.privateRun(SuiteRunner.java:310)
	at org.testng.SuiteRunner.run(SuiteRunner.java:259)
	at org.testng.SuiteRunnerWorker.runSuite(SuiteRunnerWorker.java:52)
	at org.testng.SuiteRunnerWorker.run(SuiteRunnerWorker.java:86)
	at org.testng.TestNG.runSuitesSequentially(TestNG.java:1199)
	at org.testng.TestNG.runSuitesLocally(TestNG.java:1124)
	at org.testng.TestNG.run(TestNG.java:1032)
	at org.testng.remote.RemoteTestNG.run(RemoteTestNG.java:111)
	at org.testng.remote.RemoteTestNG.initAndRun(RemoteTestNG.java:204)
	at org.testng.remote.RemoteTestNG.main(RemoteTestNG.java:175)
]]>
    </failure>
  </testcase> <!-- @BeforeClass setup -->
  <testcase name="@AfterMethod takeScreenShotOnFailure" time="0.0" classname="com.main.testcases.Workflow1">
    <skipped/>
  </testcase> <!-- @AfterMethod takeScreenShotOnFailure -->
  <testcase name="@AfterMethod takeScreenShotOnFailure" time="0.0" classname="com.main.testcases.Workflow1">
    <skipped/>
  </testcase> <!-- @AfterMethod takeScreenShotOnFailure -->
  <testcase name="@AfterMethod takeScreenShotOnFailure" time="0.0" classname="com.main.testcases.Workflow1">
    <skipped/>
  </testcase> <!-- @AfterMethod takeScreenShotOnFailure -->
  <testcase name="@AfterMethod takeScreenShotOnFailure" time="0.0" classname="com.main.testcases.Workflow1">
    <skipped/>
  </testcase> <!-- @AfterMethod takeScreenShotOnFailure -->
  <testcase name="@AfterClass tearDown" time="0.0" classname="com.main.testcases.Workflow1">
    <skipped/>
  </testcase> <!-- @AfterClass tearDown -->
  <testcase name="testLoginSuccess" time="0.004" classname="com.main.testcases.Workflow1">
    <skipped/>
  </testcase> <!-- testLoginSuccess -->
  <testcase name="createNewPost" time="0.001" classname="com.main.testcases.Workflow1">
    <skipped/>
  </testcase> <!-- createNewPost -->
  <testcase name="searchPostOnUI" time="0.0" classname="com.main.testcases.Workflow1">
    <skipped/>
  </testcase> <!-- searchPostOnUI -->
  <testcase name="addSearchDeletePost" time="0.001" classname="com.main.testcases.Workflow1">
    <skipped/>
  </testcase> <!-- addSearchDeletePost -->
</testsuite> <!-- Default test -->
