<?xml version="1.0" encoding="UTF-8" ?>
<testsuite failures="12" time="365.102" errors="0" skipped="28" tests="48" name="TestSuite">
  <properties>
[...]
</properties>
  <testcase time="70.396" classname="com.main.testcases.Workflow1" name="testLoginSuccess">
    <failure message="Unable to find element with id == user_login (WARNING: The server did not provide any stacktrace information)
Command duration or timeout: 60.36 seconds
For documentation on this error, please visit: http://seleniumhq.org/exceptions/no_such_element.html
Build info: version: &apos;2.51.0&apos;, revision: &apos;1af067d&apos;, time: &apos;2016-02-05 19:15:17&apos;
System info: host: &apos;HJ-AEPAEP1637&apos;, ip: &apos;10.51.231.3&apos;, os.name: &apos;Windows 7&apos;, os.arch: &apos;amd64&apos;, os.version: &apos;6.1&apos;, java.version: &apos;1.7.0_51&apos;
*** Element info: {Using=id, value=user_login}
Session ID: 9c9620de-a2cd-470f-8133-67fbcf00aa4a
Driver info: org.openqa.selenium.ie.InternetExplorerDriver
Capabilities [{platform=WINDOWS, javascriptEnabled=true, elementScrollBehavior=0, ignoreZoomSetting=false, enablePersistentHover=true, ie.ensureCleanSession=false, browserName=internet explorer, enableElementCacheCleanup=true, unexpectedAlertBehaviour=dismiss, version=11, pageLoadStrategy=normal, ie.usePerProcessProxy=false, cssSelectorsEnabled=true, ignoreProtectedModeSettings=true, requireWindowFocus=false, initialBrowserUrl=http://localhost:19065/, handlesAlerts=true, ie.forceCreateProcessApi=false, nativeEvents=true, browserAttachTimeout=0, ie.browserCommandLineSwitches=, takesScreenshot=true}]
Command duration or timeout: 61.80 seconds
For documentation on this error, please visit: http://seleniumhq.org/exceptions/no_such_element.html
Build info: version: &apos;2.52.0&apos;, revision: &apos;4c2593cfc3689a7fcd7be52549167e5ccc93ad28&apos;, time: &apos;2016-02-11 11:22:43&apos;
System info: host: &apos;HJ-AEPAEP1637&apos;, ip: &apos;10.51.231.3&apos;, os.name: &apos;Windows 7&apos;, os.arch: &apos;amd64&apos;, os.version: &apos;6.1&apos;, java.version: &apos;1.7.0_51&apos;
*** Element info: {Using=id, value=user_login}
Session ID: 7e490c81-70d3-4a08-8278-254e8ff70307
Driver info: org.openqa.selenium.remote.RemoteWebDriver
Capabilities [{platform=WINDOWS, javascriptEnabled=true, elementScrollBehavior=0, ignoreZoomSetting=false, enablePersistentHover=true, ie.ensureCleanSession=false, browserName=internet explorer, enableElementCacheCleanup=true, unexpectedAlertBehaviour=dismiss, webdriver.remote.sessionid=7e490c81-70d3-4a08-8278-254e8ff70307, version=11, pageLoadStrategy=normal, ie.usePerProcessProxy=false, cssSelectorsEnabled=true, ignoreProtectedModeSettings=true, requireWindowFocus=false, initialBrowserUrl=http://localhost:19065/, handlesAlerts=true, ie.forceCreateProcessApi=false, nativeEvents=true, browserAttachTimeout=0, ie.browserCommandLineSwitches=, takesScreenshot=true}]" type="org.openqa.selenium.NoSuchElementException">org.openqa.selenium.NoSuchElementException: Unable to find element with id == user_login (WARNING: The server did not provide any stacktrace information)
Command duration or timeout: 60.36 seconds
For documentation on this error, please visit: http://seleniumhq.org/exceptions/no_such_element.html
Build info: version: &apos;2.51.0&apos;, revision: &apos;1af067d&apos;, time: &apos;2016-02-05 19:15:17&apos;
System info: host: &apos;HJ-AEPAEP1637&apos;, ip: &apos;10.51.231.3&apos;, os.name: &apos;Windows 7&apos;, os.arch: &apos;amd64&apos;, os.version: &apos;6.1&apos;, java.version: &apos;1.7.0_51&apos;
*** Element info: {Using=id, value=user_login}
Session ID: 9c9620de-a2cd-470f-8133-67fbcf00aa4a
Driver info: org.openqa.selenium.ie.InternetExplorerDriver
Capabilities [{platform=WINDOWS, javascriptEnabled=true, elementScrollBehavior=0, ignoreZoomSetting=false, enablePersistentHover=true, ie.ensureCleanSession=false, browserName=internet explorer, enableElementCacheCleanup=true, unexpectedAlertBehaviour=dismiss, version=11, pageLoadStrategy=normal, ie.usePerProcessProxy=false, cssSelectorsEnabled=true, ignoreProtectedModeSettings=true, requireWindowFocus=false, initialBrowserUrl=http://localhost:19065/, handlesAlerts=true, ie.forceCreateProcessApi=false, nativeEvents=true, browserAttachTimeout=0, ie.browserCommandLineSwitches=, takesScreenshot=true}]
Command duration or timeout: 61.80 seconds
For documentation on this error, please visit: http://seleniumhq.org/exceptions/no_such_element.html
Build info: version: &apos;2.52.0&apos;, revision: &apos;4c2593cfc3689a7fcd7be52549167e5ccc93ad28&apos;, time: &apos;2016-02-11 11:22:43&apos;
System info: host: &apos;HJ-AEPAEP1637&apos;, ip: &apos;10.51.231.3&apos;, os.name: &apos;Windows 7&apos;, os.arch: &apos;amd64&apos;, os.version: &apos;6.1&apos;, java.version: &apos;1.7.0_51&apos;
*** Element info: {Using=id, value=user_login}
Session ID: 7e490c81-70d3-4a08-8278-254e8ff70307
Driver info: org.openqa.selenium.remote.RemoteWebDriver
Capabilities [{platform=WINDOWS, javascriptEnabled=true, elementScrollBehavior=0, ignoreZoomSetting=false, enablePersistentHover=true, ie.ensureCleanSession=false, browserName=internet explorer, enableElementCacheCleanup=true, unexpectedAlertBehaviour=dismiss, webdriver.remote.sessionid=7e490c81-70d3-4a08-8278-254e8ff70307, version=11, pageLoadStrategy=normal, ie.usePerProcessProxy=false, cssSelectorsEnabled=true, ignoreProtectedModeSettings=true, requireWindowFocus=false, initialBrowserUrl=http://localhost:19065/, handlesAlerts=true, ie.forceCreateProcessApi=false, nativeEvents=true, browserAttachTimeout=0, ie.browserCommandLineSwitches=, takesScreenshot=true}]
	at sun.reflect.NativeConstructorAccessorImpl.newInstance0(Native Method)
	at sun.reflect.NativeConstructorAccessorImpl.newInstance(NativeConstructorAccessorImpl.java:57)
	at sun.reflect.DelegatingConstructorAccessorImpl.newInstance(DelegatingConstructorAccessorImpl.java:45)
	at java.lang.reflect.Constructor.newInstance(Constructor.java:526)
	at org.openqa.selenium.remote.ErrorHandler.createThrowable(ErrorHandler.java:206)
	at org.openqa.selenium.remote.ErrorHandler.throwIfResponseFailed(ErrorHandler.java:158)
	at org.openqa.selenium.remote.RemoteWebDriver.execute(RemoteWebDriver.java:678)
	at org.openqa.selenium.remote.RemoteWebDriver.findElement(RemoteWebDriver.java:363)
	at org.openqa.selenium.remote.RemoteWebDriver.findElementById(RemoteWebDriver.java:413)
	at org.openqa.selenium.By$ById.findElement(By.java:218)
	at org.openqa.selenium.remote.RemoteWebDriver.findElement(RemoteWebDriver.java:355)
	at org.openqa.selenium.support.pagefactory.DefaultElementLocator.findElement(DefaultElementLocator.java:69)
	at org.openqa.selenium.support.pagefactory.internal.LocatingElementHandler.invoke(LocatingElementHandler.java:38)
	at com.sun.proxy.$Proxy10.clear(Unknown Source)
	at com.main.pof.LoginPage.loginAction(LoginPage.java:27)
	at com.main.testcases.Workflow1.testLoginSuccess(Workflow1.java:40)
Caused by: org.openqa.selenium.remote.ScreenshotException: Screen shot has been taken
Build info: version: &apos;2.52.0&apos;, revision: &apos;4c2593cfc3689a7fcd7be52549167e5ccc93ad28&apos;, time: &apos;2016-02-11 11:22:43&apos;
System info: host: &apos;HJ-AEPAEP1637&apos;, ip: &apos;10.51.231.3&apos;, os.name: &apos;Windows 7&apos;, os.arch: &apos;amd64&apos;, os.version: &apos;6.1&apos;, java.version: &apos;1.7.0_51&apos;
Driver info: driver.version: RemoteWebDriver
	at org.openqa.selenium.remote.ErrorHandler.throwIfResponseFailed(ErrorHandler.java:138)
	... 30 more
Caused by: org.openqa.selenium.NoSuchElementException: Unable to find element with id == user_login (WARNING: The server did not provide any stacktrace information)
Command duration or timeout: 60.36 seconds
For documentation on this error, please visit: http://seleniumhq.org/exceptions/no_such_element.html
Build info: version: &apos;2.51.0&apos;, revision: &apos;1af067d&apos;, time: &apos;2016-02-05 19:15:17&apos;
System info: host: &apos;HJ-AEPAEP1637&apos;, ip: &apos;10.51.231.3&apos;, os.name: &apos;Windows 7&apos;, os.arch: &apos;amd64&apos;, os.version: &apos;6.1&apos;, java.version: &apos;1.7.0_51&apos;
*** Element info: {Using=id, value=user_login}
Session ID: 9c9620de-a2cd-470f-8133-67fbcf00aa4a
Driver info: org.openqa.selenium.ie.InternetExplorerDriver
Capabilities [{platform=WINDOWS, javascriptEnabled=true, elementScrollBehavior=0, ignoreZoomSetting=false, enablePersistentHover=true, ie.ensureCleanSession=false, browserName=internet explorer, enableElementCacheCleanup=true, unexpectedAlertBehaviour=dismiss, version=11, pageLoadStrategy=normal, ie.usePerProcessProxy=false, cssSelectorsEnabled=true, ignoreProtectedModeSettings=true, requireWindowFocus=false, initialBrowserUrl=http://localhost:19065/, handlesAlerts=true, ie.forceCreateProcessApi=false, nativeEvents=true, browserAttachTimeout=0, ie.browserCommandLineSwitches=, takesScreenshot=true}]
For documentation on this error, please visit: http://seleniumhq.org/exceptions/no_such_element.html
Build info: version: &apos;2.52.0&apos;, revision: &apos;4c2593cfc3689a7fcd7be52549167e5ccc93ad28&apos;, time: &apos;2016-02-11 11:22:43&apos;
System info: host: &apos;HJ-AEPAEP1637&apos;, ip: &apos;10.51.231.3&apos;, os.name: &apos;Windows 7&apos;, os.arch: &apos;amd64&apos;, os.version: &apos;6.1&apos;, java.version: &apos;1.7.0_51&apos;
Driver info: driver.version: EventFiringWebDriver
	at sun.reflect.NativeConstructorAccessorImpl.newInstance0(Native Method)
	at sun.reflect.NativeConstructorAccessorImpl.newInstance(Unknown Source)
	at sun.reflect.DelegatingConstructorAccessorImpl.newInstance(Unknown Source)
	at java.lang.reflect.Constructor.newInstance(Unknown Source)
	at org.openqa.selenium.remote.ErrorHandler.createThrowable(ErrorHandler.java:206)
	at org.openqa.selenium.remote.ErrorHandler.throwIfResponseFailed(ErrorHandler.java:158)
	at org.openqa.selenium.remote.RemoteWebDriver.execute(RemoteWebDriver.java:678)
	at org.openqa.selenium.remote.RemoteWebDriver.findElement(RemoteWebDriver.java:363)
	at org.openqa.selenium.remote.RemoteWebDriver.findElementById(RemoteWebDriver.java:413)
	at org.openqa.selenium.By$ById.findElement(By.java:218)
	at org.openqa.selenium.remote.RemoteWebDriver.findElement(RemoteWebDriver.java:355)
	at sun.reflect.NativeMethodAccessorImpl.invoke0(Native Method)
	at sun.reflect.NativeMethodAccessorImpl.invoke(Unknown Source)
	at sun.reflect.DelegatingMethodAccessorImpl.invoke(Unknown Source)
	at java.lang.reflect.Method.invoke(Unknown Source)
	at org.openqa.selenium.support.events.EventFiringWebDriver$2.invoke(EventFiringWebDriver.java:103)
	at com.sun.proxy.$Proxy1.findElement(Unknown Source)
	at org.openqa.selenium.support.events.EventFiringWebDriver.findElement(EventFiringWebDriver.java:188)
	at org.openqa.selenium.remote.server.handler.FindElement.call(FindElement.java:48)
	at org.openqa.selenium.remote.server.handler.FindElement.call(FindElement.java:1)
	at java.util.concurrent.FutureTask.run(Unknown Source)
	at org.openqa.selenium.remote.server.DefaultSession$1.run(DefaultSession.java:176)
	at java.util.concurrent.ThreadPoolExecutor.runWorker(Unknown Source)
	at java.util.concurrent.ThreadPoolExecutor$Worker.run(Unknown Source)
	at java.lang.Thread.run(Unknown Source)
</failure>
    <system-err>log4j:WARN No appenders could be found for logger (org.apache.http.client.protocol.RequestAddCookies).
log4j:WARN Please initialize the log4j system properly.
log4j:WARN See http://logging.apache.org/log4j/1.2/faq.html#noconfig for more info.
log4j:WARN No appenders could be found for logger (org.apache.http.client.protocol.RequestAddCookies).
log4j:WARN Please initialize the log4j system properly.
log4j:WARN See http://logging.apache.org/log4j/1.2/faq.html#noconfig for more info.
log4j:WARN No appenders could be found for logger (org.apache.http.client.protocol.RequestAddCookies).
log4j:WARN Please initialize the log4j system properly.
log4j:WARN See http://logging.apache.org/log4j/1.2/faq.html#noconfig for more info.
</system-err>
  </testcase>
  <testcase time="8.971" classname="com.main.testcases.Workflow1" name="testLoginSuccess">
    <failure message="Unable to locate element: {&quot;method&quot;:&quot;link text&quot;,&quot;selector&quot;:&quot;Log Out&quot;}
For documentation on this error, please visit: http://seleniumhq.org/exceptions/no_such_element.html
Build info: version: &apos;2.51.0&apos;, revision: &apos;1af067d&apos;, time: &apos;2016-02-05 19:15:17&apos;
System info: host: &apos;N/A&apos;, ip: &apos;N/A&apos;, os.name: &apos;Linux&apos;, os.arch: &apos;amd64&apos;, os.version: &apos;2.6.32-573.el6.x86_64&apos;, java.version: &apos;1.7.0_79&apos;
Driver info: driver.version: unknown
Command duration or timeout: 62.13 seconds
For documentation on this error, please visit: http://seleniumhq.org/exceptions/no_such_element.html
Build info: version: &apos;2.52.0&apos;, revision: &apos;4c2593cfc3689a7fcd7be52549167e5ccc93ad28&apos;, time: &apos;2016-02-11 11:22:43&apos;
System info: host: &apos;HJ-AEPAEP1637&apos;, ip: &apos;10.51.231.3&apos;, os.name: &apos;Windows 7&apos;, os.arch: &apos;amd64&apos;, os.version: &apos;6.1&apos;, java.version: &apos;1.7.0_51&apos;
*** Element info: {Using=link text, value=Log Out}
Session ID: 58c37af7-0970-4dba-b91e-67a5e5bee09f
Driver info: org.openqa.selenium.remote.RemoteWebDriver
Capabilities [{platform=LINUX, javascriptEnabled=true, acceptSslCerts=true, browserName=firefox, rotatable=false, locationContextEnabled=true, webdriver.remote.sessionid=58c37af7-0970-4dba-b91e-67a5e5bee09f, version=38.0.1, databaseEnabled=true, cssSelectorsEnabled=true, handlesAlerts=true, webStorageEnabled=true, nativeEvents=false, applicationCacheEnabled=true, takesScreenshot=true}]" type="org.openqa.selenium.NoSuchElementException">org.openqa.selenium.NoSuchElementException: Unable to locate element: {&quot;method&quot;:&quot;link text&quot;,&quot;selector&quot;:&quot;Log Out&quot;}
For documentation on this error, please visit: http://seleniumhq.org/exceptions/no_such_element.html
Build info: version: &apos;2.51.0&apos;, revision: &apos;1af067d&apos;, time: &apos;2016-02-05 19:15:17&apos;
System info: host: &apos;N/A&apos;, ip: &apos;N/A&apos;, os.name: &apos;Linux&apos;, os.arch: &apos;amd64&apos;, os.version: &apos;2.6.32-573.el6.x86_64&apos;, java.version: &apos;1.7.0_79&apos;
Driver info: driver.version: unknown
Command duration or timeout: 62.13 seconds
For documentation on this error, please visit: http://seleniumhq.org/exceptions/no_such_element.html
Build info: version: &apos;2.52.0&apos;, revision: &apos;4c2593cfc3689a7fcd7be52549167e5ccc93ad28&apos;, time: &apos;2016-02-11 11:22:43&apos;
System info: host: &apos;HJ-AEPAEP1637&apos;, ip: &apos;10.51.231.3&apos;, os.name: &apos;Windows 7&apos;, os.arch: &apos;amd64&apos;, os.version: &apos;6.1&apos;, java.version: &apos;1.7.0_51&apos;
*** Element info: {Using=link text, value=Log Out}
Session ID: 58c37af7-0970-4dba-b91e-67a5e5bee09f
Driver info: org.openqa.selenium.remote.RemoteWebDriver
Capabilities [{platform=LINUX, javascriptEnabled=true, acceptSslCerts=true, browserName=firefox, rotatable=false, locationContextEnabled=true, webdriver.remote.sessionid=58c37af7-0970-4dba-b91e-67a5e5bee09f, version=38.0.1, databaseEnabled=true, cssSelectorsEnabled=true, handlesAlerts=true, webStorageEnabled=true, nativeEvents=false, applicationCacheEnabled=true, takesScreenshot=true}]
	at sun.reflect.NativeConstructorAccessorImpl.newInstance0(Native Method)
	at sun.reflect.NativeConstructorAccessorImpl.newInstance(NativeConstructorAccessorImpl.java:57)
	at sun.reflect.DelegatingConstructorAccessorImpl.newInstance(DelegatingConstructorAccessorImpl.java:45)
	at java.lang.reflect.Constructor.newInstance(Constructor.java:526)
	at org.openqa.selenium.remote.ErrorHandler.createThrowable(ErrorHandler.java:206)
	at org.openqa.selenium.remote.ErrorHandler.throwIfResponseFailed(ErrorHandler.java:158)
	at org.openqa.selenium.remote.RemoteWebDriver.execute(RemoteWebDriver.java:678)
	at org.openqa.selenium.remote.RemoteWebDriver.findElement(RemoteWebDriver.java:363)
	at org.openqa.selenium.remote.RemoteWebDriver.findElementByLinkText(RemoteWebDriver.java:428)
	at org.openqa.selenium.By$ByLinkText.findElement(By.java:246)
	at org.openqa.selenium.remote.RemoteWebDriver.findElement(RemoteWebDriver.java:355)
	at org.openqa.selenium.support.pagefactory.DefaultElementLocator.findElement(DefaultElementLocator.java:69)
	at org.openqa.selenium.support.pagefactory.internal.LocatingElementHandler.invoke(LocatingElementHandler.java:38)
	at com.sun.proxy.$Proxy10.click(Unknown Source)
	at com.main.pof.DashboardPage.signOut(DashboardPage.java:40)
	at com.main.testcases.Workflow1.testLoginSuccess(Workflow1.java:43)
Caused by: org.openqa.selenium.remote.ScreenshotException: Screen shot has been taken
Build info: version: &apos;2.52.0&apos;, revision: &apos;4c2593cfc3689a7fcd7be52549167e5ccc93ad28&apos;, time: &apos;2016-02-11 11:22:43&apos;
System info: host: &apos;HJ-AEPAEP1637&apos;, ip: &apos;10.51.231.3&apos;, os.name: &apos;Windows 7&apos;, os.arch: &apos;amd64&apos;, os.version: &apos;6.1&apos;, java.version: &apos;1.7.0_51&apos;
Driver info: driver.version: RemoteWebDriver
	at org.openqa.selenium.remote.ErrorHandler.throwIfResponseFailed(ErrorHandler.java:138)
	... 30 more
Caused by: org.openqa.selenium.NoSuchElementException: Unable to locate element: {&quot;method&quot;:&quot;link text&quot;,&quot;selector&quot;:&quot;Log Out&quot;}
For documentation on this error, please visit: http://seleniumhq.org/exceptions/no_such_element.html
Build info: version: &apos;2.51.0&apos;, revision: &apos;1af067d&apos;, time: &apos;2016-02-05 19:15:17&apos;
System info: host: &apos;N/A&apos;, ip: &apos;N/A&apos;, os.name: &apos;Linux&apos;, os.arch: &apos;amd64&apos;, os.version: &apos;2.6.32-573.el6.x86_64&apos;, java.version: &apos;1.7.0_79&apos;
Driver info: driver.version: unknown
For documentation on this error, please visit: http://seleniumhq.org/exceptions/no_such_element.html
Build info: version: &apos;2.52.0&apos;, revision: &apos;4c2593cfc3689a7fcd7be52549167e5ccc93ad28&apos;, time: &apos;2016-02-11 11:22:43&apos;
System info: host: &apos;HJ-AEPAEP1637&apos;, ip: &apos;10.51.231.3&apos;, os.name: &apos;Windows 7&apos;, os.arch: &apos;amd64&apos;, os.version: &apos;6.1&apos;, java.version: &apos;1.7.0_51&apos;
Driver info: driver.version: unknown
	at &lt;anonymous class&gt;.FirefoxDriver.prototype.findElementInternal_(file:///tmp/anonymous2383006670495297886webdriver-profile/extensions/fxdriver@googlecode.com/components/driver-component.js:10723)
	at &lt;anonymous class&gt;.fxdriver.Timer.prototype.setTimeout/&lt;.notify(file:///tmp/anonymous2383006670495297886webdriver-profile/extensions/fxdriver@googlecode.com/components/driver-component.js:623)
</failure>
  </testcase>
  <testcase time="21.017" classname="com.main.testcases.Workflow1" name="testLoginSuccess">
    <failure message="expected [true] but found [false]" type="java.lang.AssertionError">java.lang.AssertionError: expected [true] but found [false]
	at org.testng.Assert.fail(Assert.java:94)
	at org.testng.Assert.failNotEquals(Assert.java:494)
	at org.testng.Assert.assertTrue(Assert.java:42)
	at org.testng.Assert.assertTrue(Assert.java:52)
	at com.main.testcases.Workflow1.testLoginSuccess(Workflow1.java:48)
</failure>
  </testcase>
  <testcase time="15.347" classname="com.main.testcases.Workflow1" name="login"/>
  <testcase time="19.097" classname="com.main.testcases.Workflow1" name="login">
    <failure message="Unable to find element with id == user_login (WARNING: The server did not provide any stacktrace information)
Command duration or timeout: 60.33 seconds
For documentation on this error, please visit: http://seleniumhq.org/exceptions/no_such_element.html
Build info: version: &apos;2.51.0&apos;, revision: &apos;1af067d&apos;, time: &apos;2016-02-05 19:15:17&apos;
System info: host: &apos;HJ-AEPAEP1637&apos;, ip: &apos;10.51.231.3&apos;, os.name: &apos;Windows 7&apos;, os.arch: &apos;amd64&apos;, os.version: &apos;6.1&apos;, java.version: &apos;1.7.0_51&apos;
*** Element info: {Using=id, value=user_login}
Session ID: 9c9620de-a2cd-470f-8133-67fbcf00aa4a
Driver info: org.openqa.selenium.ie.InternetExplorerDriver
Capabilities [{platform=WINDOWS, javascriptEnabled=true, elementScrollBehavior=0, ignoreZoomSetting=false, enablePersistentHover=true, ie.ensureCleanSession=false, browserName=internet explorer, enableElementCacheCleanup=true, unexpectedAlertBehaviour=dismiss, version=11, pageLoadStrategy=normal, ie.usePerProcessProxy=false, cssSelectorsEnabled=true, ignoreProtectedModeSettings=true, requireWindowFocus=false, initialBrowserUrl=http://localhost:19065/, handlesAlerts=true, ie.forceCreateProcessApi=false, nativeEvents=true, browserAttachTimeout=0, ie.browserCommandLineSwitches=, takesScreenshot=true}]
Command duration or timeout: 60.75 seconds
For documentation on this error, please visit: http://seleniumhq.org/exceptions/no_such_element.html
Build info: version: &apos;2.52.0&apos;, revision: &apos;4c2593cfc3689a7fcd7be52549167e5ccc93ad28&apos;, time: &apos;2016-02-11 11:22:43&apos;
System info: host: &apos;HJ-AEPAEP1637&apos;, ip: &apos;10.51.231.3&apos;, os.name: &apos;Windows 7&apos;, os.arch: &apos;amd64&apos;, os.version: &apos;6.1&apos;, java.version: &apos;1.7.0_51&apos;
*** Element info: {Using=id, value=user_login}
Session ID: 7e490c81-70d3-4a08-8278-254e8ff70307
Driver info: org.openqa.selenium.remote.RemoteWebDriver
Capabilities [{platform=WINDOWS, javascriptEnabled=true, elementScrollBehavior=0, ignoreZoomSetting=false, enablePersistentHover=true, ie.ensureCleanSession=false, browserName=internet explorer, enableElementCacheCleanup=true, unexpectedAlertBehaviour=dismiss, webdriver.remote.sessionid=7e490c81-70d3-4a08-8278-254e8ff70307, version=11, pageLoadStrategy=normal, ie.usePerProcessProxy=false, cssSelectorsEnabled=true, ignoreProtectedModeSettings=true, requireWindowFocus=false, initialBrowserUrl=http://localhost:19065/, handlesAlerts=true, ie.forceCreateProcessApi=false, nativeEvents=true, browserAttachTimeout=0, ie.browserCommandLineSwitches=, takesScreenshot=true}]" type="org.openqa.selenium.NoSuchElementException">org.openqa.selenium.NoSuchElementException: Unable to find element with id == user_login (WARNING: The server did not provide any stacktrace information)
Command duration or timeout: 60.33 seconds
For documentation on this error, please visit: http://seleniumhq.org/exceptions/no_such_element.html
Build info: version: &apos;2.51.0&apos;, revision: &apos;1af067d&apos;, time: &apos;2016-02-05 19:15:17&apos;
System info: host: &apos;HJ-AEPAEP1637&apos;, ip: &apos;10.51.231.3&apos;, os.name: &apos;Windows 7&apos;, os.arch: &apos;amd64&apos;, os.version: &apos;6.1&apos;, java.version: &apos;1.7.0_51&apos;
*** Element info: {Using=id, value=user_login}
Session ID: 9c9620de-a2cd-470f-8133-67fbcf00aa4a
Driver info: org.openqa.selenium.ie.InternetExplorerDriver
Capabilities [{platform=WINDOWS, javascriptEnabled=true, elementScrollBehavior=0, ignoreZoomSetting=false, enablePersistentHover=true, ie.ensureCleanSession=false, browserName=internet explorer, enableElementCacheCleanup=true, unexpectedAlertBehaviour=dismiss, version=11, pageLoadStrategy=normal, ie.usePerProcessProxy=false, cssSelectorsEnabled=true, ignoreProtectedModeSettings=true, requireWindowFocus=false, initialBrowserUrl=http://localhost:19065/, handlesAlerts=true, ie.forceCreateProcessApi=false, nativeEvents=true, browserAttachTimeout=0, ie.browserCommandLineSwitches=, takesScreenshot=true}]
Command duration or timeout: 60.75 seconds
For documentation on this error, please visit: http://seleniumhq.org/exceptions/no_such_element.html
Build info: version: &apos;2.52.0&apos;, revision: &apos;4c2593cfc3689a7fcd7be52549167e5ccc93ad28&apos;, time: &apos;2016-02-11 11:22:43&apos;
System info: host: &apos;HJ-AEPAEP1637&apos;, ip: &apos;10.51.231.3&apos;, os.name: &apos;Windows 7&apos;, os.arch: &apos;amd64&apos;, os.version: &apos;6.1&apos;, java.version: &apos;1.7.0_51&apos;
*** Element info: {Using=id, value=user_login}
Session ID: 7e490c81-70d3-4a08-8278-254e8ff70307
Driver info: org.openqa.selenium.remote.RemoteWebDriver
Capabilities [{platform=WINDOWS, javascriptEnabled=true, elementScrollBehavior=0, ignoreZoomSetting=false, enablePersistentHover=true, ie.ensureCleanSession=false, browserName=internet explorer, enableElementCacheCleanup=true, unexpectedAlertBehaviour=dismiss, webdriver.remote.sessionid=7e490c81-70d3-4a08-8278-254e8ff70307, version=11, pageLoadStrategy=normal, ie.usePerProcessProxy=false, cssSelectorsEnabled=true, ignoreProtectedModeSettings=true, requireWindowFocus=false, initialBrowserUrl=http://localhost:19065/, handlesAlerts=true, ie.forceCreateProcessApi=false, nativeEvents=true, browserAttachTimeout=0, ie.browserCommandLineSwitches=, takesScreenshot=true}]
	at sun.reflect.NativeConstructorAccessorImpl.newInstance0(Native Method)
	at sun.reflect.NativeConstructorAccessorImpl.newInstance(NativeConstructorAccessorImpl.java:57)
	at sun.reflect.DelegatingConstructorAccessorImpl.newInstance(DelegatingConstructorAccessorImpl.java:45)
	at java.lang.reflect.Constructor.newInstance(Constructor.java:526)
	at org.openqa.selenium.remote.ErrorHandler.createThrowable(ErrorHandler.java:206)
	at org.openqa.selenium.remote.ErrorHandler.throwIfResponseFailed(ErrorHandler.java:158)
	at org.openqa.selenium.remote.RemoteWebDriver.execute(RemoteWebDriver.java:678)
	at org.openqa.selenium.remote.RemoteWebDriver.findElement(RemoteWebDriver.java:363)
	at org.openqa.selenium.remote.RemoteWebDriver.findElementById(RemoteWebDriver.java:413)
	at org.openqa.selenium.By$ById.findElement(By.java:218)
	at org.openqa.selenium.remote.RemoteWebDriver.findElement(RemoteWebDriver.java:355)
	at org.openqa.selenium.support.pagefactory.DefaultElementLocator.findElement(DefaultElementLocator.java:69)
	at org.openqa.selenium.support.pagefactory.internal.LocatingElementHandler.invoke(LocatingElementHandler.java:38)
	at com.sun.proxy.$Proxy10.clear(Unknown Source)
	at com.main.pof.LoginPage.loginAction(LoginPage.java:27)
	at com.main.testcases.Workflow1.login(Workflow1.java:56)
Caused by: org.openqa.selenium.remote.ScreenshotException: Screen shot has been taken
Build info: version: &apos;2.52.0&apos;, revision: &apos;4c2593cfc3689a7fcd7be52549167e5ccc93ad28&apos;, time: &apos;2016-02-11 11:22:43&apos;
System info: host: &apos;HJ-AEPAEP1637&apos;, ip: &apos;10.51.231.3&apos;, os.name: &apos;Windows 7&apos;, os.arch: &apos;amd64&apos;, os.version: &apos;6.1&apos;, java.version: &apos;1.7.0_51&apos;
Driver info: driver.version: RemoteWebDriver
	at org.openqa.selenium.remote.ErrorHandler.throwIfResponseFailed(ErrorHandler.java:138)
	... 30 more
Caused by: org.openqa.selenium.NoSuchElementException: Unable to find element with id == user_login (WARNING: The server did not provide any stacktrace information)
Command duration or timeout: 60.33 seconds
For documentation on this error, please visit: http://seleniumhq.org/exceptions/no_such_element.html
Build info: version: &apos;2.51.0&apos;, revision: &apos;1af067d&apos;, time: &apos;2016-02-05 19:15:17&apos;
System info: host: &apos;HJ-AEPAEP1637&apos;, ip: &apos;10.51.231.3&apos;, os.name: &apos;Windows 7&apos;, os.arch: &apos;amd64&apos;, os.version: &apos;6.1&apos;, java.version: &apos;1.7.0_51&apos;
*** Element info: {Using=id, value=user_login}
Session ID: 9c9620de-a2cd-470f-8133-67fbcf00aa4a
Driver info: org.openqa.selenium.ie.InternetExplorerDriver
Capabilities [{platform=WINDOWS, javascriptEnabled=true, elementScrollBehavior=0, ignoreZoomSetting=false, enablePersistentHover=true, ie.ensureCleanSession=false, browserName=internet explorer, enableElementCacheCleanup=true, unexpectedAlertBehaviour=dismiss, version=11, pageLoadStrategy=normal, ie.usePerProcessProxy=false, cssSelectorsEnabled=true, ignoreProtectedModeSettings=true, requireWindowFocus=false, initialBrowserUrl=http://localhost:19065/, handlesAlerts=true, ie.forceCreateProcessApi=false, nativeEvents=true, browserAttachTimeout=0, ie.browserCommandLineSwitches=, takesScreenshot=true}]
For documentation on this error, please visit: http://seleniumhq.org/exceptions/no_such_element.html
Build info: version: &apos;2.52.0&apos;, revision: &apos;4c2593cfc3689a7fcd7be52549167e5ccc93ad28&apos;, time: &apos;2016-02-11 11:22:43&apos;
System info: host: &apos;HJ-AEPAEP1637&apos;, ip: &apos;10.51.231.3&apos;, os.name: &apos;Windows 7&apos;, os.arch: &apos;amd64&apos;, os.version: &apos;6.1&apos;, java.version: &apos;1.7.0_51&apos;
Driver info: driver.version: EventFiringWebDriver
	at sun.reflect.NativeConstructorAccessorImpl.newInstance0(Native Method)
	at sun.reflect.NativeConstructorAccessorImpl.newInstance(Unknown Source)
	at sun.reflect.DelegatingConstructorAccessorImpl.newInstance(Unknown Source)
	at java.lang.reflect.Constructor.newInstance(Unknown Source)
	at org.openqa.selenium.remote.ErrorHandler.createThrowable(ErrorHandler.java:206)
	at org.openqa.selenium.remote.ErrorHandler.throwIfResponseFailed(ErrorHandler.java:158)
	at org.openqa.selenium.remote.RemoteWebDriver.execute(RemoteWebDriver.java:678)
	at org.openqa.selenium.remote.RemoteWebDriver.findElement(RemoteWebDriver.java:363)
	at org.openqa.selenium.remote.RemoteWebDriver.findElementById(RemoteWebDriver.java:413)
	at org.openqa.selenium.By$ById.findElement(By.java:218)
	at org.openqa.selenium.remote.RemoteWebDriver.findElement(RemoteWebDriver.java:355)
	at sun.reflect.NativeMethodAccessorImpl.invoke0(Native Method)
	at sun.reflect.NativeMethodAccessorImpl.invoke(Unknown Source)
	at sun.reflect.DelegatingMethodAccessorImpl.invoke(Unknown Source)
	at java.lang.reflect.Method.invoke(Unknown Source)
	at org.openqa.selenium.support.events.EventFiringWebDriver$2.invoke(EventFiringWebDriver.java:103)
	at com.sun.proxy.$Proxy1.findElement(Unknown Source)
	at org.openqa.selenium.support.events.EventFiringWebDriver.findElement(EventFiringWebDriver.java:188)
	at org.openqa.selenium.remote.server.handler.FindElement.call(FindElement.java:48)
	at org.openqa.selenium.remote.server.handler.FindElement.call(FindElement.java:1)
	at java.util.concurrent.FutureTask.run(Unknown Source)
	at org.openqa.selenium.remote.server.DefaultSession$1.run(DefaultSession.java:176)
	at java.util.concurrent.ThreadPoolExecutor.runWorker(Unknown Source)
	at java.util.concurrent.ThreadPoolExecutor$Worker.run(Unknown Source)
	at java.lang.Thread.run(Unknown Source)
</failure>
  </testcase>
  <testcase time="19.208" classname="com.main.testcases.Workflow1" name="takeScreenShotOnFailure">
    <failure message="Unable to get browser (WARNING: The server did not provide any stacktrace information)
Command duration or timeout: 20 milliseconds
Build info: version: &apos;2.51.0&apos;, revision: &apos;1af067d&apos;, time: &apos;2016-02-05 19:15:17&apos;
System info: host: &apos;HJ-AEPAEP1637&apos;, ip: &apos;10.51.231.3&apos;, os.name: &apos;Windows 7&apos;, os.arch: &apos;amd64&apos;, os.version: &apos;6.1&apos;, java.version: &apos;1.7.0_51&apos;
Session ID: 9c9620de-a2cd-470f-8133-67fbcf00aa4a
Driver info: org.openqa.selenium.ie.InternetExplorerDriver
Capabilities [{platform=WINDOWS, javascriptEnabled=true, elementScrollBehavior=0, ignoreZoomSetting=false, enablePersistentHover=true, ie.ensureCleanSession=false, browserName=internet explorer, enableElementCacheCleanup=true, unexpectedAlertBehaviour=dismiss, version=11, pageLoadStrategy=normal, ie.usePerProcessProxy=false, cssSelectorsEnabled=true, ignoreProtectedModeSettings=true, requireWindowFocus=false, initialBrowserUrl=http://localhost:19065/, handlesAlerts=true, ie.forceCreateProcessApi=false, nativeEvents=true, browserAttachTimeout=0, ie.browserCommandLineSwitches=, takesScreenshot=true}]
Command duration or timeout: 61 milliseconds
Build info: version: &apos;2.52.0&apos;, revision: &apos;4c2593cfc3689a7fcd7be52549167e5ccc93ad28&apos;, time: &apos;2016-02-11 11:22:43&apos;
System info: host: &apos;HJ-AEPAEP1637&apos;, ip: &apos;10.51.231.3&apos;, os.name: &apos;Windows 7&apos;, os.arch: &apos;amd64&apos;, os.version: &apos;6.1&apos;, java.version: &apos;1.7.0_51&apos;
Session ID: 7e490c81-70d3-4a08-8278-254e8ff70307
Driver info: org.openqa.selenium.remote.RemoteWebDriver
Capabilities [{platform=WINDOWS, javascriptEnabled=true, elementScrollBehavior=0, ignoreZoomSetting=false, enablePersistentHover=true, ie.ensureCleanSession=false, browserName=internet explorer, enableElementCacheCleanup=true, unexpectedAlertBehaviour=dismiss, webdriver.remote.sessionid=7e490c81-70d3-4a08-8278-254e8ff70307, version=11, pageLoadStrategy=normal, ie.usePerProcessProxy=false, cssSelectorsEnabled=true, ignoreProtectedModeSettings=true, requireWindowFocus=false, initialBrowserUrl=http://localhost:19065/, handlesAlerts=true, ie.forceCreateProcessApi=false, nativeEvents=true, browserAttachTimeout=0, ie.browserCommandLineSwitches=, takesScreenshot=true}]" type="org.openqa.selenium.NoSuchWindowException">org.openqa.selenium.NoSuchWindowException: Unable to get browser (WARNING: The server did not provide any stacktrace information)
Command duration or timeout: 20 milliseconds
Build info: version: &apos;2.51.0&apos;, revision: &apos;1af067d&apos;, time: &apos;2016-02-05 19:15:17&apos;
System info: host: &apos;HJ-AEPAEP1637&apos;, ip: &apos;10.51.231.3&apos;, os.name: &apos;Windows 7&apos;, os.arch: &apos;amd64&apos;, os.version: &apos;6.1&apos;, java.version: &apos;1.7.0_51&apos;
Session ID: 9c9620de-a2cd-470f-8133-67fbcf00aa4a
Driver info: org.openqa.selenium.ie.InternetExplorerDriver
Capabilities [{platform=WINDOWS, javascriptEnabled=true, elementScrollBehavior=0, ignoreZoomSetting=false, enablePersistentHover=true, ie.ensureCleanSession=false, browserName=internet explorer, enableElementCacheCleanup=true, unexpectedAlertBehaviour=dismiss, version=11, pageLoadStrategy=normal, ie.usePerProcessProxy=false, cssSelectorsEnabled=true, ignoreProtectedModeSettings=true, requireWindowFocus=false, initialBrowserUrl=http://localhost:19065/, handlesAlerts=true, ie.forceCreateProcessApi=false, nativeEvents=true, browserAttachTimeout=0, ie.browserCommandLineSwitches=, takesScreenshot=true}]
Command duration or timeout: 61 milliseconds
Build info: version: &apos;2.52.0&apos;, revision: &apos;4c2593cfc3689a7fcd7be52549167e5ccc93ad28&apos;, time: &apos;2016-02-11 11:22:43&apos;
System info: host: &apos;HJ-AEPAEP1637&apos;, ip: &apos;10.51.231.3&apos;, os.name: &apos;Windows 7&apos;, os.arch: &apos;amd64&apos;, os.version: &apos;6.1&apos;, java.version: &apos;1.7.0_51&apos;
Session ID: 7e490c81-70d3-4a08-8278-254e8ff70307
Driver info: org.openqa.selenium.remote.RemoteWebDriver
Capabilities [{platform=WINDOWS, javascriptEnabled=true, elementScrollBehavior=0, ignoreZoomSetting=false, enablePersistentHover=true, ie.ensureCleanSession=false, browserName=internet explorer, enableElementCacheCleanup=true, unexpectedAlertBehaviour=dismiss, webdriver.remote.sessionid=7e490c81-70d3-4a08-8278-254e8ff70307, version=11, pageLoadStrategy=normal, ie.usePerProcessProxy=false, cssSelectorsEnabled=true, ignoreProtectedModeSettings=true, requireWindowFocus=false, initialBrowserUrl=http://localhost:19065/, handlesAlerts=true, ie.forceCreateProcessApi=false, nativeEvents=true, browserAttachTimeout=0, ie.browserCommandLineSwitches=, takesScreenshot=true}]
	at sun.reflect.NativeConstructorAccessorImpl.newInstance0(Native Method)
	at sun.reflect.NativeConstructorAccessorImpl.newInstance(NativeConstructorAccessorImpl.java:57)
	at sun.reflect.DelegatingConstructorAccessorImpl.newInstance(DelegatingConstructorAccessorImpl.java:45)
	at java.lang.reflect.Constructor.newInstance(Constructor.java:526)
	at org.openqa.selenium.remote.ErrorHandler.createThrowable(ErrorHandler.java:206)
	at org.openqa.selenium.remote.ErrorHandler.throwIfResponseFailed(ErrorHandler.java:158)
	at org.openqa.selenium.remote.RemoteWebDriver.execute(RemoteWebDriver.java:678)
	at org.openqa.selenium.remote.RemoteWebDriver.execute(RemoteWebDriver.java:701)
	at org.openqa.selenium.remote.RemoteWebDriver.getScreenshotAs(RemoteWebDriver.java:335)
	at com.main.pof.GenericFunctions.takeScreenShot(GenericFunctions.java:80)
	at com.main.pof.GenericFunctions.takeScreenShotOnFailure(GenericFunctions.java:89)
	at sun.reflect.NativeMethodAccessorImpl.invoke0(Native Method)
	at sun.reflect.NativeMethodAccessorImpl.invoke(NativeMethodAccessorImpl.java:57)
	at sun.reflect.DelegatingMethodAccessorImpl.invoke(DelegatingMethodAccessorImpl.java:43)
	at java.lang.reflect.Method.invoke(Method.java:606)
	at org.testng.internal.MethodInvocationHelper.invokeMethod(MethodInvocationHelper.java:80)
	at org.testng.internal.Invoker.invokeConfigurationMethod(Invoker.java:564)
	at org.testng.internal.Invoker.invokeConfigurations(Invoker.java:213)
	at org.testng.internal.Invoker.invokeMethod(Invoker.java:786)
	at org.testng.internal.Invoker.invokeTestMethod(Invoker.java:901)
	at org.testng.internal.Invoker.invokeTestMethods(Invoker.java:1231)
	at org.testng.internal.TestMethodWorker.invokeTestMethods(TestMethodWorker.java:127)
	at org.testng.internal.TestMethodWorker.run(TestMethodWorker.java:111)
	at org.testng.TestRunner.privateRun(TestRunner.java:767)
	at org.testng.TestRunner.run(TestRunner.java:617)
	at org.testng.SuiteRunner.runTest(SuiteRunner.java:334)
	at org.testng.SuiteRunner.access$000(SuiteRunner.java:37)
	at org.testng.SuiteRunner$SuiteWorker.run(SuiteRunner.java:368)
	at org.testng.internal.thread.ThreadUtil$2.call(ThreadUtil.java:64)
	at java.util.concurrent.FutureTask.run(FutureTask.java:262)
	at java.util.concurrent.ThreadPoolExecutor.runWorker(ThreadPoolExecutor.java:1145)
	at java.util.concurrent.ThreadPoolExecutor$Worker.run(ThreadPoolExecutor.java:615)
	at java.lang.Thread.run(Thread.java:744)
Caused by: org.openqa.selenium.NoSuchWindowException: Unable to get browser (WARNING: The server did not provide any stacktrace information)
Command duration or timeout: 20 milliseconds
Build info: version: &apos;2.51.0&apos;, revision: &apos;1af067d&apos;, time: &apos;2016-02-05 19:15:17&apos;
System info: host: &apos;HJ-AEPAEP1637&apos;, ip: &apos;10.51.231.3&apos;, os.name: &apos;Windows 7&apos;, os.arch: &apos;amd64&apos;, os.version: &apos;6.1&apos;, java.version: &apos;1.7.0_51&apos;
Session ID: 9c9620de-a2cd-470f-8133-67fbcf00aa4a
Driver info: org.openqa.selenium.ie.InternetExplorerDriver
Capabilities [{platform=WINDOWS, javascriptEnabled=true, elementScrollBehavior=0, ignoreZoomSetting=false, enablePersistentHover=true, ie.ensureCleanSession=false, browserName=internet explorer, enableElementCacheCleanup=true, unexpectedAlertBehaviour=dismiss, version=11, pageLoadStrategy=normal, ie.usePerProcessProxy=false, cssSelectorsEnabled=true, ignoreProtectedModeSettings=true, requireWindowFocus=false, initialBrowserUrl=http://localhost:19065/, handlesAlerts=true, ie.forceCreateProcessApi=false, nativeEvents=true, browserAttachTimeout=0, ie.browserCommandLineSwitches=, takesScreenshot=true}]
Build info: version: &apos;2.52.0&apos;, revision: &apos;4c2593cfc3689a7fcd7be52549167e5ccc93ad28&apos;, time: &apos;2016-02-11 11:22:43&apos;
System info: host: &apos;HJ-AEPAEP1637&apos;, ip: &apos;10.51.231.3&apos;, os.name: &apos;Windows 7&apos;, os.arch: &apos;amd64&apos;, os.version: &apos;6.1&apos;, java.version: &apos;1.7.0_51&apos;
Driver info: driver.version: InternetExplorerDriver
	at sun.reflect.NativeConstructorAccessorImpl.newInstance0(Native Method)
	at sun.reflect.NativeConstructorAccessorImpl.newInstance(Unknown Source)
	at sun.reflect.DelegatingConstructorAccessorImpl.newInstance(Unknown Source)
	at java.lang.reflect.Constructor.newInstance(Unknown Source)
	at org.openqa.selenium.remote.ErrorHandler.createThrowable(ErrorHandler.java:206)
	at org.openqa.selenium.remote.ErrorHandler.throwIfResponseFailed(ErrorHandler.java:158)
	at org.openqa.selenium.remote.RemoteWebDriver.execute(RemoteWebDriver.java:678)
	at org.openqa.selenium.remote.RemoteWebDriver.execute(RemoteWebDriver.java:701)
	at org.openqa.selenium.ie.InternetExplorerDriver.getScreenshotAs(InternetExplorerDriver.java:194)
	at org.openqa.selenium.remote.server.handler.CaptureScreenshot.call(CaptureScreenshot.java:36)
	at org.openqa.selenium.remote.server.handler.CaptureScreenshot.call(CaptureScreenshot.java:1)
	at java.util.concurrent.FutureTask.run(Unknown Source)
	at org.openqa.selenium.remote.server.DefaultSession$1.run(DefaultSession.java:176)
	at java.util.concurrent.ThreadPoolExecutor.runWorker(Unknown Source)
	at java.util.concurrent.ThreadPoolExecutor$Worker.run(Unknown Source)
	at java.lang.Thread.run(Unknown Source)
Caused by: org.openqa.selenium.NoSuchWindowException: Unable to get browser (WARNING: The server did not provide any stacktrace information)
Command duration or timeout: 20 milliseconds
Build info: version: &apos;2.51.0&apos;, revision: &apos;1af067d&apos;, time: &apos;2016-02-05 19:15:17&apos;
System info: host: &apos;HJ-AEPAEP1637&apos;, ip: &apos;10.51.231.3&apos;, os.name: &apos;Windows 7&apos;, os.arch: &apos;amd64&apos;, os.version: &apos;6.1&apos;, java.version: &apos;1.7.0_51&apos;
Session ID: 9c9620de-a2cd-470f-8133-67fbcf00aa4a
Driver info: org.openqa.selenium.ie.InternetExplorerDriver
Capabilities [{platform=WINDOWS, javascriptEnabled=true, elementScrollBehavior=0, ignoreZoomSetting=false, enablePersistentHover=true, ie.ensureCleanSession=false, browserName=internet explorer, enableElementCacheCleanup=true, unexpectedAlertBehaviour=dismiss, version=11, pageLoadStrategy=normal, ie.usePerProcessProxy=false, cssSelectorsEnabled=true, ignoreProtectedModeSettings=true, requireWindowFocus=false, initialBrowserUrl=http://localhost:19065/, handlesAlerts=true, ie.forceCreateProcessApi=false, nativeEvents=true, browserAttachTimeout=0, ie.browserCommandLineSwitches=, takesScreenshot=true}]
Build info: version: &apos;2.52.0&apos;, revision: &apos;4c2593cfc3689a7fcd7be52549167e5ccc93ad28&apos;, time: &apos;2016-02-11 11:22:43&apos;
System info: host: &apos;HJ-AEPAEP1637&apos;, ip: &apos;10.51.231.3&apos;, os.name: &apos;Windows 7&apos;, os.arch: &apos;amd64&apos;, os.version: &apos;6.1&apos;, java.version: &apos;1.7.0_51&apos;
Driver info: driver.version: InternetExplorerDriver
	at sun.reflect.NativeConstructorAccessorImpl.newInstance0(Native Method)
	at sun.reflect.NativeConstructorAccessorImpl.newInstance(Unknown Source)
	at sun.reflect.DelegatingConstructorAccessorImpl.newInstance(Unknown Source)
	at java.lang.reflect.Constructor.newInstance(Unknown Source)
	at org.openqa.selenium.remote.ErrorHandler.createThrowable(ErrorHandler.java:206)
	at org.openqa.selenium.remote.ErrorHandler.throwIfResponseFailed(ErrorHandler.java:158)
	at org.openqa.selenium.remote.RemoteWebDriver.execute(RemoteWebDriver.java:678)
	at org.openqa.selenium.remote.RemoteWebDriver.execute(RemoteWebDriver.java:701)
	at org.openqa.selenium.ie.InternetExplorerDriver.getScreenshotAs(InternetExplorerDriver.java:194)
	at org.openqa.selenium.remote.server.handler.CaptureScreenshot.call(CaptureScreenshot.java:36)
	at org.openqa.selenium.remote.server.handler.CaptureScreenshot.call(CaptureScreenshot.java:1)
	at java.util.concurrent.FutureTask.run(Unknown Source)
	at org.openqa.selenium.remote.server.DefaultSession$1.run(DefaultSession.java:176)
	at java.util.concurrent.ThreadPoolExecutor.runWorker(Unknown Source)
	at java.util.concurrent.ThreadPoolExecutor$Worker.run(Unknown Source)
	at java.lang.Thread.run(Unknown Source)
</failure>
  </testcase>
  <testcase time="0" classname="com.main.testcases.Workflow1" name="createNewPost">
    <skipped/>
  </testcase>
  <testcase time="0" classname="com.main.testcases.Workflow1" name="takeScreenShotOnFailure">
    <skipped/>
  </testcase>
  <testcase time="0" classname="com.main.testcases.Workflow1" name="createNewPost">
    <skipped/>
  </testcase>
  <testcase time="0" classname="com.main.testcases.Workflow1" name="takeScreenShotOnFailure">
    <skipped/>
  </testcase>
  <testcase time="0" classname="com.main.testcases.Workflow1" name="searchPostOnUI">
    <skipped/>
  </testcase>
  <testcase time="0" classname="com.main.testcases.Workflow1" name="takeScreenShotOnFailure">
    <skipped/>
  </testcase>
  <testcase time="0" classname="com.main.testcases.Workflow1" name="addSearchDeletePost">
    <skipped/>
  </testcase>
  <testcase time="0" classname="com.main.testcases.Workflow1" name="takeScreenShotOnFailure">
    <skipped/>
  </testcase>
  <testcase time="0.001" classname="com.main.testcases.Workflow1" name="tearDown">
    <skipped/>
  </testcase>
  <testcase time="0.004" classname="com.main.testcases.Workflow2" name="setup">
    <skipped/>
  </testcase>
  <testcase time="0" classname="com.main.testcases.Workflow2" name="verifyHomePage">
    <skipped/>
  </testcase>
  <testcase time="0" classname="com.main.testcases.Workflow2" name="takeScreenShotOnFailure">
    <skipped/>
  </testcase>
  <testcase time="0" classname="com.main.testcases.Workflow2" name="searchPost">
    <skipped/>
  </testcase>
  <testcase time="0" classname="com.main.testcases.Workflow2" name="takeScreenShotOnFailure">
    <skipped/>
  </testcase>
  <testcase time="0" classname="com.main.testcases.Workflow2" name="verifyLinksOnPage">
    <skipped/>
  </testcase>
  <testcase time="0" classname="com.main.testcases.Workflow2" name="takeScreenShotOnFailure">
    <skipped/>
  </testcase>
  <testcase time="0" classname="com.main.testcases.Workflow2" name="postComment">
    <skipped/>
  </testcase>
  <testcase time="0" classname="com.main.testcases.Workflow2" name="takeScreenShotOnFailure">
    <skipped/>
  </testcase>
  <testcase time="0" classname="com.main.testcases.Workflow2" name="tearDown">
    <skipped/>
  </testcase>
  <testcase time="9.038" classname="com.main.testcases.Workflow1" name="login">
    <failure message="Unable to locate element: {&quot;method&quot;:&quot;link text&quot;,&quot;selector&quot;:&quot;Log in&quot;}
For documentation on this error, please visit: http://seleniumhq.org/exceptions/no_such_element.html
Build info: version: &apos;2.51.0&apos;, revision: &apos;1af067d&apos;, time: &apos;2016-02-05 19:15:17&apos;
System info: host: &apos;N/A&apos;, ip: &apos;N/A&apos;, os.name: &apos;Linux&apos;, os.arch: &apos;amd64&apos;, os.version: &apos;2.6.32-573.el6.x86_64&apos;, java.version: &apos;1.7.0_79&apos;
Driver info: driver.version: unknown
Command duration or timeout: 61.85 seconds
For documentation on this error, please visit: http://seleniumhq.org/exceptions/no_such_element.html
Build info: version: &apos;2.52.0&apos;, revision: &apos;4c2593cfc3689a7fcd7be52549167e5ccc93ad28&apos;, time: &apos;2016-02-11 11:22:43&apos;
System info: host: &apos;HJ-AEPAEP1637&apos;, ip: &apos;10.51.231.3&apos;, os.name: &apos;Windows 7&apos;, os.arch: &apos;amd64&apos;, os.version: &apos;6.1&apos;, java.version: &apos;1.7.0_51&apos;
*** Element info: {Using=link text, value=Log in}
Session ID: 58c37af7-0970-4dba-b91e-67a5e5bee09f
Driver info: org.openqa.selenium.remote.RemoteWebDriver
Capabilities [{platform=LINUX, javascriptEnabled=true, acceptSslCerts=true, browserName=firefox, rotatable=false, locationContextEnabled=true, webdriver.remote.sessionid=58c37af7-0970-4dba-b91e-67a5e5bee09f, version=38.0.1, databaseEnabled=true, cssSelectorsEnabled=true, handlesAlerts=true, webStorageEnabled=true, nativeEvents=false, applicationCacheEnabled=true, takesScreenshot=true}]" type="org.openqa.selenium.NoSuchElementException">org.openqa.selenium.NoSuchElementException: Unable to locate element: {&quot;method&quot;:&quot;link text&quot;,&quot;selector&quot;:&quot;Log in&quot;}
For documentation on this error, please visit: http://seleniumhq.org/exceptions/no_such_element.html
Build info: version: &apos;2.51.0&apos;, revision: &apos;1af067d&apos;, time: &apos;2016-02-05 19:15:17&apos;
System info: host: &apos;N/A&apos;, ip: &apos;N/A&apos;, os.name: &apos;Linux&apos;, os.arch: &apos;amd64&apos;, os.version: &apos;2.6.32-573.el6.x86_64&apos;, java.version: &apos;1.7.0_79&apos;
Driver info: driver.version: unknown
Command duration or timeout: 61.85 seconds
For documentation on this error, please visit: http://seleniumhq.org/exceptions/no_such_element.html
Build info: version: &apos;2.52.0&apos;, revision: &apos;4c2593cfc3689a7fcd7be52549167e5ccc93ad28&apos;, time: &apos;2016-02-11 11:22:43&apos;
System info: host: &apos;HJ-AEPAEP1637&apos;, ip: &apos;10.51.231.3&apos;, os.name: &apos;Windows 7&apos;, os.arch: &apos;amd64&apos;, os.version: &apos;6.1&apos;, java.version: &apos;1.7.0_51&apos;
*** Element info: {Using=link text, value=Log in}
Session ID: 58c37af7-0970-4dba-b91e-67a5e5bee09f
Driver info: org.openqa.selenium.remote.RemoteWebDriver
Capabilities [{platform=LINUX, javascriptEnabled=true, acceptSslCerts=true, browserName=firefox, rotatable=false, locationContextEnabled=true, webdriver.remote.sessionid=58c37af7-0970-4dba-b91e-67a5e5bee09f, version=38.0.1, databaseEnabled=true, cssSelectorsEnabled=true, handlesAlerts=true, webStorageEnabled=true, nativeEvents=false, applicationCacheEnabled=true, takesScreenshot=true}]
	at sun.reflect.NativeConstructorAccessorImpl.newInstance0(Native Method)
	at sun.reflect.NativeConstructorAccessorImpl.newInstance(NativeConstructorAccessorImpl.java:57)
	at sun.reflect.DelegatingConstructorAccessorImpl.newInstance(DelegatingConstructorAccessorImpl.java:45)
	at java.lang.reflect.Constructor.newInstance(Constructor.java:526)
	at org.openqa.selenium.remote.ErrorHandler.createThrowable(ErrorHandler.java:206)
	at org.openqa.selenium.remote.ErrorHandler.throwIfResponseFailed(ErrorHandler.java:158)
	at org.openqa.selenium.remote.RemoteWebDriver.execute(RemoteWebDriver.java:678)
	at org.openqa.selenium.remote.RemoteWebDriver.findElement(RemoteWebDriver.java:363)
	at org.openqa.selenium.remote.RemoteWebDriver.findElementByLinkText(RemoteWebDriver.java:428)
	at org.openqa.selenium.By$ByLinkText.findElement(By.java:246)
	at org.openqa.selenium.remote.RemoteWebDriver.findElement(RemoteWebDriver.java:355)
	at org.openqa.selenium.support.pagefactory.DefaultElementLocator.findElement(DefaultElementLocator.java:69)
	at org.openqa.selenium.support.pagefactory.internal.LocatingElementHandler.invoke(LocatingElementHandler.java:38)
	at com.sun.proxy.$Proxy10.getWrappedElement(Unknown Source)
	at org.openqa.selenium.remote.internal.WebElementToJsonConverter.apply(WebElementToJsonConverter.java:49)
	at com.google.common.collect.Iterators$8.transform(Iterators.java:817)
	at com.google.common.collect.TransformedIterator.next(TransformedIterator.java:48)
	at com.google.common.collect.Iterators.addAll(Iterators.java:365)
	at com.google.common.collect.Lists.newArrayList(Lists.java:162)
	at com.google.common.collect.Lists.newArrayList(Lists.java:146)
	at org.openqa.selenium.remote.RemoteWebDriver.executeScript(RemoteWebDriver.java:572)
	at com.main.pof.BlogHomePage.clickLoginInLink(BlogHomePage.java:63)
	at com.main.testcases.Workflow1.login(Workflow1.java:55)
Caused by: org.openqa.selenium.remote.ScreenshotException: Screen shot has been taken
Build info: version: &apos;2.52.0&apos;, revision: &apos;4c2593cfc3689a7fcd7be52549167e5ccc93ad28&apos;, time: &apos;2016-02-11 11:22:43&apos;
System info: host: &apos;HJ-AEPAEP1637&apos;, ip: &apos;10.51.231.3&apos;, os.name: &apos;Windows 7&apos;, os.arch: &apos;amd64&apos;, os.version: &apos;6.1&apos;, java.version: &apos;1.7.0_51&apos;
Driver info: driver.version: RemoteWebDriver
	at org.openqa.selenium.remote.ErrorHandler.throwIfResponseFailed(ErrorHandler.java:138)
	... 37 more
Caused by: org.openqa.selenium.NoSuchElementException: Unable to locate element: {&quot;method&quot;:&quot;link text&quot;,&quot;selector&quot;:&quot;Log in&quot;}
For documentation on this error, please visit: http://seleniumhq.org/exceptions/no_such_element.html
Build info: version: &apos;2.51.0&apos;, revision: &apos;1af067d&apos;, time: &apos;2016-02-05 19:15:17&apos;
System info: host: &apos;N/A&apos;, ip: &apos;N/A&apos;, os.name: &apos;Linux&apos;, os.arch: &apos;amd64&apos;, os.version: &apos;2.6.32-573.el6.x86_64&apos;, java.version: &apos;1.7.0_79&apos;
Driver info: driver.version: unknown
For documentation on this error, please visit: http://seleniumhq.org/exceptions/no_such_element.html
Build info: version: &apos;2.52.0&apos;, revision: &apos;4c2593cfc3689a7fcd7be52549167e5ccc93ad28&apos;, time: &apos;2016-02-11 11:22:43&apos;
System info: host: &apos;HJ-AEPAEP1637&apos;, ip: &apos;10.51.231.3&apos;, os.name: &apos;Windows 7&apos;, os.arch: &apos;amd64&apos;, os.version: &apos;6.1&apos;, java.version: &apos;1.7.0_51&apos;
Driver info: driver.version: unknown
	at &lt;anonymous class&gt;.FirefoxDriver.prototype.findElementInternal_(file:///tmp/anonymous2383006670495297886webdriver-profile/extensions/fxdriver@googlecode.com/components/driver-component.js:10723)
	at &lt;anonymous class&gt;.fxdriver.Timer.prototype.setTimeout/&lt;.notify(file:///tmp/anonymous2383006670495297886webdriver-profile/extensions/fxdriver@googlecode.com/components/driver-component.js:623)
</failure>
  </testcase>
  <testcase time="10.559" classname="com.main.testcases.Workflow1" name="createNewPost"/>
  <testcase time="21.375" classname="com.main.testcases.Workflow1" name="createNewPost">
    <failure message="Unable to locate element: {&quot;method&quot;:&quot;link text&quot;,&quot;selector&quot;:&quot;Posts&quot;}
For documentation on this error, please visit: http://seleniumhq.org/exceptions/no_such_element.html
Build info: version: &apos;2.51.0&apos;, revision: &apos;1af067d&apos;, time: &apos;2016-02-05 19:15:17&apos;
System info: host: &apos;N/A&apos;, ip: &apos;N/A&apos;, os.name: &apos;Linux&apos;, os.arch: &apos;amd64&apos;, os.version: &apos;2.6.32-573.el6.x86_64&apos;, java.version: &apos;1.7.0_79&apos;
Driver info: driver.version: unknown
Command duration or timeout: 31.81 seconds
For documentation on this error, please visit: http://seleniumhq.org/exceptions/no_such_element.html
Build info: version: &apos;2.52.0&apos;, revision: &apos;4c2593cfc3689a7fcd7be52549167e5ccc93ad28&apos;, time: &apos;2016-02-11 11:22:43&apos;
System info: host: &apos;HJ-AEPAEP1637&apos;, ip: &apos;10.51.231.3&apos;, os.name: &apos;Windows 7&apos;, os.arch: &apos;amd64&apos;, os.version: &apos;6.1&apos;, java.version: &apos;1.7.0_51&apos;
*** Element info: {Using=link text, value=Posts}
Session ID: 58c37af7-0970-4dba-b91e-67a5e5bee09f
Driver info: org.openqa.selenium.remote.RemoteWebDriver
Capabilities [{platform=LINUX, javascriptEnabled=true, acceptSslCerts=true, browserName=firefox, rotatable=false, locationContextEnabled=true, webdriver.remote.sessionid=58c37af7-0970-4dba-b91e-67a5e5bee09f, version=38.0.1, databaseEnabled=true, cssSelectorsEnabled=true, handlesAlerts=true, webStorageEnabled=true, nativeEvents=false, applicationCacheEnabled=true, takesScreenshot=true}]" type="org.openqa.selenium.NoSuchElementException">org.openqa.selenium.NoSuchElementException: Unable to locate element: {&quot;method&quot;:&quot;link text&quot;,&quot;selector&quot;:&quot;Posts&quot;}
For documentation on this error, please visit: http://seleniumhq.org/exceptions/no_such_element.html
Build info: version: &apos;2.51.0&apos;, revision: &apos;1af067d&apos;, time: &apos;2016-02-05 19:15:17&apos;
System info: host: &apos;N/A&apos;, ip: &apos;N/A&apos;, os.name: &apos;Linux&apos;, os.arch: &apos;amd64&apos;, os.version: &apos;2.6.32-573.el6.x86_64&apos;, java.version: &apos;1.7.0_79&apos;
Driver info: driver.version: unknown
Command duration or timeout: 31.81 seconds
For documentation on this error, please visit: http://seleniumhq.org/exceptions/no_such_element.html
Build info: version: &apos;2.52.0&apos;, revision: &apos;4c2593cfc3689a7fcd7be52549167e5ccc93ad28&apos;, time: &apos;2016-02-11 11:22:43&apos;
System info: host: &apos;HJ-AEPAEP1637&apos;, ip: &apos;10.51.231.3&apos;, os.name: &apos;Windows 7&apos;, os.arch: &apos;amd64&apos;, os.version: &apos;6.1&apos;, java.version: &apos;1.7.0_51&apos;
*** Element info: {Using=link text, value=Posts}
Session ID: 58c37af7-0970-4dba-b91e-67a5e5bee09f
Driver info: org.openqa.selenium.remote.RemoteWebDriver
Capabilities [{platform=LINUX, javascriptEnabled=true, acceptSslCerts=true, browserName=firefox, rotatable=false, locationContextEnabled=true, webdriver.remote.sessionid=58c37af7-0970-4dba-b91e-67a5e5bee09f, version=38.0.1, databaseEnabled=true, cssSelectorsEnabled=true, handlesAlerts=true, webStorageEnabled=true, nativeEvents=false, applicationCacheEnabled=true, takesScreenshot=true}]
	at sun.reflect.NativeConstructorAccessorImpl.newInstance0(Native Method)
	at sun.reflect.NativeConstructorAccessorImpl.newInstance(NativeConstructorAccessorImpl.java:57)
	at sun.reflect.DelegatingConstructorAccessorImpl.newInstance(DelegatingConstructorAccessorImpl.java:45)
	at java.lang.reflect.Constructor.newInstance(Constructor.java:526)
	at org.openqa.selenium.remote.ErrorHandler.createThrowable(ErrorHandler.java:206)
	at org.openqa.selenium.remote.ErrorHandler.throwIfResponseFailed(ErrorHandler.java:158)
	at org.openqa.selenium.remote.RemoteWebDriver.execute(RemoteWebDriver.java:678)
	at org.openqa.selenium.remote.RemoteWebDriver.findElement(RemoteWebDriver.java:363)
	at org.openqa.selenium.remote.RemoteWebDriver.findElementByLinkText(RemoteWebDriver.java:428)
	at org.openqa.selenium.By$ByLinkText.findElement(By.java:246)
	at org.openqa.selenium.remote.RemoteWebDriver.findElement(RemoteWebDriver.java:355)
	at org.openqa.selenium.support.pagefactory.DefaultElementLocator.findElement(DefaultElementLocator.java:69)
	at org.openqa.selenium.support.pagefactory.internal.LocatingElementHandler.invoke(LocatingElementHandler.java:38)
	at com.sun.proxy.$Proxy10.getCoordinates(Unknown Source)
	at org.openqa.selenium.interactions.internal.MouseAction.getActionLocation(MouseAction.java:51)
	at org.openqa.selenium.interactions.MoveMouseAction.perform(MoveMouseAction.java:39)
	at org.openqa.selenium.interactions.CompositeAction.perform(CompositeAction.java:50)
	at com.main.pof.CreatePostPage.loadCreatePostPage(CreatePostPage.java:46)
	at com.main.testcases.Workflow1.createNewPost(Workflow1.java:63)
Caused by: org.openqa.selenium.remote.ScreenshotException: Screen shot has been taken
Build info: version: &apos;2.52.0&apos;, revision: &apos;4c2593cfc3689a7fcd7be52549167e5ccc93ad28&apos;, time: &apos;2016-02-11 11:22:43&apos;
System info: host: &apos;HJ-AEPAEP1637&apos;, ip: &apos;10.51.231.3&apos;, os.name: &apos;Windows 7&apos;, os.arch: &apos;amd64&apos;, os.version: &apos;6.1&apos;, java.version: &apos;1.7.0_51&apos;
Driver info: driver.version: RemoteWebDriver
	at org.openqa.selenium.remote.ErrorHandler.throwIfResponseFailed(ErrorHandler.java:138)
	... 33 more
Caused by: org.openqa.selenium.NoSuchElementException: Unable to locate element: {&quot;method&quot;:&quot;link text&quot;,&quot;selector&quot;:&quot;Posts&quot;}
For documentation on this error, please visit: http://seleniumhq.org/exceptions/no_such_element.html
Build info: version: &apos;2.51.0&apos;, revision: &apos;1af067d&apos;, time: &apos;2016-02-05 19:15:17&apos;
System info: host: &apos;N/A&apos;, ip: &apos;N/A&apos;, os.name: &apos;Linux&apos;, os.arch: &apos;amd64&apos;, os.version: &apos;2.6.32-573.el6.x86_64&apos;, java.version: &apos;1.7.0_79&apos;
Driver info: driver.version: unknown
For documentation on this error, please visit: http://seleniumhq.org/exceptions/no_such_element.html
Build info: version: &apos;2.52.0&apos;, revision: &apos;4c2593cfc3689a7fcd7be52549167e5ccc93ad28&apos;, time: &apos;2016-02-11 11:22:43&apos;
System info: host: &apos;HJ-AEPAEP1637&apos;, ip: &apos;10.51.231.3&apos;, os.name: &apos;Windows 7&apos;, os.arch: &apos;amd64&apos;, os.version: &apos;6.1&apos;, java.version: &apos;1.7.0_51&apos;
Driver info: driver.version: unknown
	at &lt;anonymous class&gt;.FirefoxDriver.prototype.findElementInternal_(file:///tmp/anonymous2383006670495297886webdriver-profile/extensions/fxdriver@googlecode.com/components/driver-component.js:10723)
	at &lt;anonymous class&gt;.fxdriver.Timer.prototype.setTimeout/&lt;.notify(file:///tmp/anonymous2383006670495297886webdriver-profile/extensions/fxdriver@googlecode.com/components/driver-component.js:623)
</failure>
  </testcase>
  <testcase time="13.396" classname="com.main.testcases.Workflow1" name="createNewPost"/>
  <testcase time="19.282" classname="com.main.testcases.Workflow1" name="createNewPost">
    <failure message="Unable to locate element: {&quot;method&quot;:&quot;link text&quot;,&quot;selector&quot;:&quot;Posts&quot;}
For documentation on this error, please visit: http://seleniumhq.org/exceptions/no_such_element.html
Build info: version: &apos;2.51.0&apos;, revision: &apos;1af067d&apos;, time: &apos;2016-02-05 19:15:17&apos;
System info: host: &apos;N/A&apos;, ip: &apos;N/A&apos;, os.name: &apos;Linux&apos;, os.arch: &apos;amd64&apos;, os.version: &apos;2.6.32-573.el6.x86_64&apos;, java.version: &apos;1.7.0_79&apos;
Driver info: driver.version: unknown
Command duration or timeout: 32.04 seconds
For documentation on this error, please visit: http://seleniumhq.org/exceptions/no_such_element.html
Build info: version: &apos;2.52.0&apos;, revision: &apos;4c2593cfc3689a7fcd7be52549167e5ccc93ad28&apos;, time: &apos;2016-02-11 11:22:43&apos;
System info: host: &apos;HJ-AEPAEP1637&apos;, ip: &apos;10.51.231.3&apos;, os.name: &apos;Windows 7&apos;, os.arch: &apos;amd64&apos;, os.version: &apos;6.1&apos;, java.version: &apos;1.7.0_51&apos;
*** Element info: {Using=link text, value=Posts}
Session ID: 58c37af7-0970-4dba-b91e-67a5e5bee09f
Driver info: org.openqa.selenium.remote.RemoteWebDriver
Capabilities [{platform=LINUX, javascriptEnabled=true, acceptSslCerts=true, browserName=firefox, rotatable=false, locationContextEnabled=true, webdriver.remote.sessionid=58c37af7-0970-4dba-b91e-67a5e5bee09f, version=38.0.1, databaseEnabled=true, cssSelectorsEnabled=true, handlesAlerts=true, webStorageEnabled=true, nativeEvents=false, applicationCacheEnabled=true, takesScreenshot=true}]" type="org.openqa.selenium.NoSuchElementException">org.openqa.selenium.NoSuchElementException: Unable to locate element: {&quot;method&quot;:&quot;link text&quot;,&quot;selector&quot;:&quot;Posts&quot;}
For documentation on this error, please visit: http://seleniumhq.org/exceptions/no_such_element.html
Build info: version: &apos;2.51.0&apos;, revision: &apos;1af067d&apos;, time: &apos;2016-02-05 19:15:17&apos;
System info: host: &apos;N/A&apos;, ip: &apos;N/A&apos;, os.name: &apos;Linux&apos;, os.arch: &apos;amd64&apos;, os.version: &apos;2.6.32-573.el6.x86_64&apos;, java.version: &apos;1.7.0_79&apos;
Driver info: driver.version: unknown
Command duration or timeout: 32.04 seconds
For documentation on this error, please visit: http://seleniumhq.org/exceptions/no_such_element.html
Build info: version: &apos;2.52.0&apos;, revision: &apos;4c2593cfc3689a7fcd7be52549167e5ccc93ad28&apos;, time: &apos;2016-02-11 11:22:43&apos;
System info: host: &apos;HJ-AEPAEP1637&apos;, ip: &apos;10.51.231.3&apos;, os.name: &apos;Windows 7&apos;, os.arch: &apos;amd64&apos;, os.version: &apos;6.1&apos;, java.version: &apos;1.7.0_51&apos;
*** Element info: {Using=link text, value=Posts}
Session ID: 58c37af7-0970-4dba-b91e-67a5e5bee09f
Driver info: org.openqa.selenium.remote.RemoteWebDriver
Capabilities [{platform=LINUX, javascriptEnabled=true, acceptSslCerts=true, browserName=firefox, rotatable=false, locationContextEnabled=true, webdriver.remote.sessionid=58c37af7-0970-4dba-b91e-67a5e5bee09f, version=38.0.1, databaseEnabled=true, cssSelectorsEnabled=true, handlesAlerts=true, webStorageEnabled=true, nativeEvents=false, applicationCacheEnabled=true, takesScreenshot=true}]
	at sun.reflect.NativeConstructorAccessorImpl.newInstance0(Native Method)
	at sun.reflect.NativeConstructorAccessorImpl.newInstance(NativeConstructorAccessorImpl.java:57)
	at sun.reflect.DelegatingConstructorAccessorImpl.newInstance(DelegatingConstructorAccessorImpl.java:45)
	at java.lang.reflect.Constructor.newInstance(Constructor.java:526)
	at org.openqa.selenium.remote.ErrorHandler.createThrowable(ErrorHandler.java:206)
	at org.openqa.selenium.remote.ErrorHandler.throwIfResponseFailed(ErrorHandler.java:158)
	at org.openqa.selenium.remote.RemoteWebDriver.execute(RemoteWebDriver.java:678)
	at org.openqa.selenium.remote.RemoteWebDriver.findElement(RemoteWebDriver.java:363)
	at org.openqa.selenium.remote.RemoteWebDriver.findElementByLinkText(RemoteWebDriver.java:428)
	at org.openqa.selenium.By$ByLinkText.findElement(By.java:246)
	at org.openqa.selenium.remote.RemoteWebDriver.findElement(RemoteWebDriver.java:355)
	at org.openqa.selenium.support.pagefactory.DefaultElementLocator.findElement(DefaultElementLocator.java:69)
	at org.openqa.selenium.support.pagefactory.internal.LocatingElementHandler.invoke(LocatingElementHandler.java:38)
	at com.sun.proxy.$Proxy10.getCoordinates(Unknown Source)
	at org.openqa.selenium.interactions.internal.MouseAction.getActionLocation(MouseAction.java:51)
	at org.openqa.selenium.interactions.MoveMouseAction.perform(MoveMouseAction.java:39)
	at org.openqa.selenium.interactions.CompositeAction.perform(CompositeAction.java:50)
	at com.main.pof.CreatePostPage.loadCreatePostPage(CreatePostPage.java:46)
	at com.main.testcases.Workflow1.createNewPost(Workflow1.java:63)
Caused by: org.openqa.selenium.remote.ScreenshotException: Screen shot has been taken
Build info: version: &apos;2.52.0&apos;, revision: &apos;4c2593cfc3689a7fcd7be52549167e5ccc93ad28&apos;, time: &apos;2016-02-11 11:22:43&apos;
System info: host: &apos;HJ-AEPAEP1637&apos;, ip: &apos;10.51.231.3&apos;, os.name: &apos;Windows 7&apos;, os.arch: &apos;amd64&apos;, os.version: &apos;6.1&apos;, java.version: &apos;1.7.0_51&apos;
Driver info: driver.version: RemoteWebDriver
	at org.openqa.selenium.remote.ErrorHandler.throwIfResponseFailed(ErrorHandler.java:138)
	... 33 more
Caused by: org.openqa.selenium.NoSuchElementException: Unable to locate element: {&quot;method&quot;:&quot;link text&quot;,&quot;selector&quot;:&quot;Posts&quot;}
For documentation on this error, please visit: http://seleniumhq.org/exceptions/no_such_element.html
Build info: version: &apos;2.51.0&apos;, revision: &apos;1af067d&apos;, time: &apos;2016-02-05 19:15:17&apos;
System info: host: &apos;N/A&apos;, ip: &apos;N/A&apos;, os.name: &apos;Linux&apos;, os.arch: &apos;amd64&apos;, os.version: &apos;2.6.32-573.el6.x86_64&apos;, java.version: &apos;1.7.0_79&apos;
Driver info: driver.version: unknown
For documentation on this error, please visit: http://seleniumhq.org/exceptions/no_such_element.html
Build info: version: &apos;2.52.0&apos;, revision: &apos;4c2593cfc3689a7fcd7be52549167e5ccc93ad28&apos;, time: &apos;2016-02-11 11:22:43&apos;
System info: host: &apos;HJ-AEPAEP1637&apos;, ip: &apos;10.51.231.3&apos;, os.name: &apos;Windows 7&apos;, os.arch: &apos;amd64&apos;, os.version: &apos;6.1&apos;, java.version: &apos;1.7.0_51&apos;
Driver info: driver.version: unknown
	at &lt;anonymous class&gt;.FirefoxDriver.prototype.findElementInternal_(file:///tmp/anonymous2383006670495297886webdriver-profile/extensions/fxdriver@googlecode.com/components/driver-component.js:10723)
	at &lt;anonymous class&gt;.fxdriver.Timer.prototype.setTimeout/&lt;.notify(file:///tmp/anonymous2383006670495297886webdriver-profile/extensions/fxdriver@googlecode.com/components/driver-component.js:623)
</failure>
    <system-out>Search Post: Starting search for Non-existing post - Mon Feb 29 23:56:12 IST 2016
Search Post: No matching post found! - Mon Feb 29 23:56:12 IST 2016
Search Post: Starting search for post - Mon Feb 29 23:56:12 IST 2016
</system-out>
  </testcase>
  <testcase time="2.604" classname="com.main.testcases.Workflow1" name="searchPostOnUI"/>
  <testcase time="29.241" classname="com.main.testcases.Workflow1" name="searchPostOnUI">
    <failure message="Unable to locate element: {&quot;method&quot;:&quot;link text&quot;,&quot;selector&quot;:&quot;Posts&quot;}
For documentation on this error, please visit: http://seleniumhq.org/exceptions/no_such_element.html
Build info: version: &apos;2.51.0&apos;, revision: &apos;1af067d&apos;, time: &apos;2016-02-05 19:15:17&apos;
System info: host: &apos;N/A&apos;, ip: &apos;N/A&apos;, os.name: &apos;Linux&apos;, os.arch: &apos;amd64&apos;, os.version: &apos;2.6.32-573.el6.x86_64&apos;, java.version: &apos;1.7.0_79&apos;
Driver info: driver.version: unknown
Command duration or timeout: 31.82 seconds
For documentation on this error, please visit: http://seleniumhq.org/exceptions/no_such_element.html
Build info: version: &apos;2.52.0&apos;, revision: &apos;4c2593cfc3689a7fcd7be52549167e5ccc93ad28&apos;, time: &apos;2016-02-11 11:22:43&apos;
System info: host: &apos;HJ-AEPAEP1637&apos;, ip: &apos;10.51.231.3&apos;, os.name: &apos;Windows 7&apos;, os.arch: &apos;amd64&apos;, os.version: &apos;6.1&apos;, java.version: &apos;1.7.0_51&apos;
*** Element info: {Using=link text, value=Posts}
Session ID: 58c37af7-0970-4dba-b91e-67a5e5bee09f
Driver info: org.openqa.selenium.remote.RemoteWebDriver
Capabilities [{platform=LINUX, javascriptEnabled=true, acceptSslCerts=true, browserName=firefox, rotatable=false, locationContextEnabled=true, webdriver.remote.sessionid=58c37af7-0970-4dba-b91e-67a5e5bee09f, version=38.0.1, databaseEnabled=true, cssSelectorsEnabled=true, handlesAlerts=true, webStorageEnabled=true, nativeEvents=false, applicationCacheEnabled=true, takesScreenshot=true}]" type="org.openqa.selenium.NoSuchElementException">org.openqa.selenium.NoSuchElementException: Unable to locate element: {&quot;method&quot;:&quot;link text&quot;,&quot;selector&quot;:&quot;Posts&quot;}
For documentation on this error, please visit: http://seleniumhq.org/exceptions/no_such_element.html
Build info: version: &apos;2.51.0&apos;, revision: &apos;1af067d&apos;, time: &apos;2016-02-05 19:15:17&apos;
System info: host: &apos;N/A&apos;, ip: &apos;N/A&apos;, os.name: &apos;Linux&apos;, os.arch: &apos;amd64&apos;, os.version: &apos;2.6.32-573.el6.x86_64&apos;, java.version: &apos;1.7.0_79&apos;
Driver info: driver.version: unknown
Command duration or timeout: 31.82 seconds
For documentation on this error, please visit: http://seleniumhq.org/exceptions/no_such_element.html
Build info: version: &apos;2.52.0&apos;, revision: &apos;4c2593cfc3689a7fcd7be52549167e5ccc93ad28&apos;, time: &apos;2016-02-11 11:22:43&apos;
System info: host: &apos;HJ-AEPAEP1637&apos;, ip: &apos;10.51.231.3&apos;, os.name: &apos;Windows 7&apos;, os.arch: &apos;amd64&apos;, os.version: &apos;6.1&apos;, java.version: &apos;1.7.0_51&apos;
*** Element info: {Using=link text, value=Posts}
Session ID: 58c37af7-0970-4dba-b91e-67a5e5bee09f
Driver info: org.openqa.selenium.remote.RemoteWebDriver
Capabilities [{platform=LINUX, javascriptEnabled=true, acceptSslCerts=true, browserName=firefox, rotatable=false, locationContextEnabled=true, webdriver.remote.sessionid=58c37af7-0970-4dba-b91e-67a5e5bee09f, version=38.0.1, databaseEnabled=true, cssSelectorsEnabled=true, handlesAlerts=true, webStorageEnabled=true, nativeEvents=false, applicationCacheEnabled=true, takesScreenshot=true}]
	at sun.reflect.NativeConstructorAccessorImpl.newInstance0(Native Method)
	at sun.reflect.NativeConstructorAccessorImpl.newInstance(NativeConstructorAccessorImpl.java:57)
	at sun.reflect.DelegatingConstructorAccessorImpl.newInstance(DelegatingConstructorAccessorImpl.java:45)
	at java.lang.reflect.Constructor.newInstance(Constructor.java:526)
	at org.openqa.selenium.remote.ErrorHandler.createThrowable(ErrorHandler.java:206)
	at org.openqa.selenium.remote.ErrorHandler.throwIfResponseFailed(ErrorHandler.java:158)
	at org.openqa.selenium.remote.RemoteWebDriver.execute(RemoteWebDriver.java:678)
	at org.openqa.selenium.remote.RemoteWebDriver.findElement(RemoteWebDriver.java:363)
	at org.openqa.selenium.remote.RemoteWebDriver.findElementByLinkText(RemoteWebDriver.java:428)
	at org.openqa.selenium.By$ByLinkText.findElement(By.java:246)
	at org.openqa.selenium.remote.RemoteWebDriver.findElement(RemoteWebDriver.java:355)
	at org.openqa.selenium.support.pagefactory.DefaultElementLocator.findElement(DefaultElementLocator.java:69)
	at org.openqa.selenium.support.pagefactory.internal.LocatingElementHandler.invoke(LocatingElementHandler.java:38)
	at com.sun.proxy.$Proxy10.getCoordinates(Unknown Source)
	at org.openqa.selenium.interactions.internal.MouseAction.getActionLocation(MouseAction.java:51)
	at org.openqa.selenium.interactions.MoveMouseAction.perform(MoveMouseAction.java:39)
	at org.openqa.selenium.interactions.CompositeAction.perform(CompositeAction.java:50)
	at com.main.pof.AllPostsPage.loadAllPostsPage(AllPostsPage.java:41)
	at com.main.testcases.Workflow1.searchPostOnUI(Workflow1.java:77)
Caused by: org.openqa.selenium.remote.ScreenshotException: Screen shot has been taken
Build info: version: &apos;2.52.0&apos;, revision: &apos;4c2593cfc3689a7fcd7be52549167e5ccc93ad28&apos;, time: &apos;2016-02-11 11:22:43&apos;
System info: host: &apos;HJ-AEPAEP1637&apos;, ip: &apos;10.51.231.3&apos;, os.name: &apos;Windows 7&apos;, os.arch: &apos;amd64&apos;, os.version: &apos;6.1&apos;, java.version: &apos;1.7.0_51&apos;
Driver info: driver.version: RemoteWebDriver
	at org.openqa.selenium.remote.ErrorHandler.throwIfResponseFailed(ErrorHandler.java:138)
	... 33 more
Caused by: org.openqa.selenium.NoSuchElementException: Unable to locate element: {&quot;method&quot;:&quot;link text&quot;,&quot;selector&quot;:&quot;Posts&quot;}
For documentation on this error, please visit: http://seleniumhq.org/exceptions/no_such_element.html
Build info: version: &apos;2.51.0&apos;, revision: &apos;1af067d&apos;, time: &apos;2016-02-05 19:15:17&apos;
System info: host: &apos;N/A&apos;, ip: &apos;N/A&apos;, os.name: &apos;Linux&apos;, os.arch: &apos;amd64&apos;, os.version: &apos;2.6.32-573.el6.x86_64&apos;, java.version: &apos;1.7.0_79&apos;
Driver info: driver.version: unknown
For documentation on this error, please visit: http://seleniumhq.org/exceptions/no_such_element.html
Build info: version: &apos;2.52.0&apos;, revision: &apos;4c2593cfc3689a7fcd7be52549167e5ccc93ad28&apos;, time: &apos;2016-02-11 11:22:43&apos;
System info: host: &apos;HJ-AEPAEP1637&apos;, ip: &apos;10.51.231.3&apos;, os.name: &apos;Windows 7&apos;, os.arch: &apos;amd64&apos;, os.version: &apos;6.1&apos;, java.version: &apos;1.7.0_51&apos;
Driver info: driver.version: unknown
	at &lt;anonymous class&gt;.FirefoxDriver.prototype.findElementInternal_(file:///tmp/anonymous2383006670495297886webdriver-profile/extensions/fxdriver@googlecode.com/components/driver-component.js:10723)
	at &lt;anonymous class&gt;.fxdriver.Timer.prototype.setTimeout/&lt;.notify(file:///tmp/anonymous2383006670495297886webdriver-profile/extensions/fxdriver@googlecode.com/components/driver-component.js:623)
</failure>
  </testcase>
  <testcase time="32.134" classname="com.main.testcases.Workflow1" name="addSearchDeletePost">
    <failure message="Unable to locate element: {&quot;method&quot;:&quot;link text&quot;,&quot;selector&quot;:&quot;Posts&quot;}
For documentation on this error, please visit: http://seleniumhq.org/exceptions/no_such_element.html
Build info: version: &apos;2.51.0&apos;, revision: &apos;1af067d&apos;, time: &apos;2016-02-05 19:15:17&apos;
System info: host: &apos;N/A&apos;, ip: &apos;N/A&apos;, os.name: &apos;Linux&apos;, os.arch: &apos;amd64&apos;, os.version: &apos;2.6.32-573.el6.x86_64&apos;, java.version: &apos;1.7.0_79&apos;
Driver info: driver.version: unknown
Command duration or timeout: 32.01 seconds
For documentation on this error, please visit: http://seleniumhq.org/exceptions/no_such_element.html
Build info: version: &apos;2.52.0&apos;, revision: &apos;4c2593cfc3689a7fcd7be52549167e5ccc93ad28&apos;, time: &apos;2016-02-11 11:22:43&apos;
System info: host: &apos;HJ-AEPAEP1637&apos;, ip: &apos;10.51.231.3&apos;, os.name: &apos;Windows 7&apos;, os.arch: &apos;amd64&apos;, os.version: &apos;6.1&apos;, java.version: &apos;1.7.0_51&apos;
*** Element info: {Using=link text, value=Posts}
Session ID: 58c37af7-0970-4dba-b91e-67a5e5bee09f
Driver info: org.openqa.selenium.remote.RemoteWebDriver
Capabilities [{platform=LINUX, javascriptEnabled=true, acceptSslCerts=true, browserName=firefox, rotatable=false, locationContextEnabled=true, webdriver.remote.sessionid=58c37af7-0970-4dba-b91e-67a5e5bee09f, version=38.0.1, databaseEnabled=true, cssSelectorsEnabled=true, handlesAlerts=true, webStorageEnabled=true, nativeEvents=false, applicationCacheEnabled=true, takesScreenshot=true}]" type="org.openqa.selenium.NoSuchElementException">org.openqa.selenium.NoSuchElementException: Unable to locate element: {&quot;method&quot;:&quot;link text&quot;,&quot;selector&quot;:&quot;Posts&quot;}
For documentation on this error, please visit: http://seleniumhq.org/exceptions/no_such_element.html
Build info: version: &apos;2.51.0&apos;, revision: &apos;1af067d&apos;, time: &apos;2016-02-05 19:15:17&apos;
System info: host: &apos;N/A&apos;, ip: &apos;N/A&apos;, os.name: &apos;Linux&apos;, os.arch: &apos;amd64&apos;, os.version: &apos;2.6.32-573.el6.x86_64&apos;, java.version: &apos;1.7.0_79&apos;
Driver info: driver.version: unknown
Command duration or timeout: 32.01 seconds
For documentation on this error, please visit: http://seleniumhq.org/exceptions/no_such_element.html
Build info: version: &apos;2.52.0&apos;, revision: &apos;4c2593cfc3689a7fcd7be52549167e5ccc93ad28&apos;, time: &apos;2016-02-11 11:22:43&apos;
System info: host: &apos;HJ-AEPAEP1637&apos;, ip: &apos;10.51.231.3&apos;, os.name: &apos;Windows 7&apos;, os.arch: &apos;amd64&apos;, os.version: &apos;6.1&apos;, java.version: &apos;1.7.0_51&apos;
*** Element info: {Using=link text, value=Posts}
Session ID: 58c37af7-0970-4dba-b91e-67a5e5bee09f
Driver info: org.openqa.selenium.remote.RemoteWebDriver
Capabilities [{platform=LINUX, javascriptEnabled=true, acceptSslCerts=true, browserName=firefox, rotatable=false, locationContextEnabled=true, webdriver.remote.sessionid=58c37af7-0970-4dba-b91e-67a5e5bee09f, version=38.0.1, databaseEnabled=true, cssSelectorsEnabled=true, handlesAlerts=true, webStorageEnabled=true, nativeEvents=false, applicationCacheEnabled=true, takesScreenshot=true}]
	at sun.reflect.NativeConstructorAccessorImpl.newInstance0(Native Method)
	at sun.reflect.NativeConstructorAccessorImpl.newInstance(NativeConstructorAccessorImpl.java:57)
	at sun.reflect.DelegatingConstructorAccessorImpl.newInstance(DelegatingConstructorAccessorImpl.java:45)
	at java.lang.reflect.Constructor.newInstance(Constructor.java:526)
	at org.openqa.selenium.remote.ErrorHandler.createThrowable(ErrorHandler.java:206)
	at org.openqa.selenium.remote.ErrorHandler.throwIfResponseFailed(ErrorHandler.java:158)
	at org.openqa.selenium.remote.RemoteWebDriver.execute(RemoteWebDriver.java:678)
	at org.openqa.selenium.remote.RemoteWebDriver.findElement(RemoteWebDriver.java:363)
	at org.openqa.selenium.remote.RemoteWebDriver.findElementByLinkText(RemoteWebDriver.java:428)
	at org.openqa.selenium.By$ByLinkText.findElement(By.java:246)
	at org.openqa.selenium.remote.RemoteWebDriver.findElement(RemoteWebDriver.java:355)
	at org.openqa.selenium.support.pagefactory.DefaultElementLocator.findElement(DefaultElementLocator.java:69)
	at org.openqa.selenium.support.pagefactory.internal.LocatingElementHandler.invoke(LocatingElementHandler.java:38)
	at com.sun.proxy.$Proxy10.getCoordinates(Unknown Source)
	at org.openqa.selenium.interactions.internal.MouseAction.getActionLocation(MouseAction.java:51)
	at org.openqa.selenium.interactions.MoveMouseAction.perform(MoveMouseAction.java:39)
	at org.openqa.selenium.interactions.CompositeAction.perform(CompositeAction.java:50)
	at com.main.pof.CreatePostPage.loadCreatePostPage(CreatePostPage.java:46)
	at com.main.testcases.Workflow1.addSearchDeletePost(Workflow1.java:88)
Caused by: org.openqa.selenium.remote.ScreenshotException: Screen shot has been taken
Build info: version: &apos;2.52.0&apos;, revision: &apos;4c2593cfc3689a7fcd7be52549167e5ccc93ad28&apos;, time: &apos;2016-02-11 11:22:43&apos;
System info: host: &apos;HJ-AEPAEP1637&apos;, ip: &apos;10.51.231.3&apos;, os.name: &apos;Windows 7&apos;, os.arch: &apos;amd64&apos;, os.version: &apos;6.1&apos;, java.version: &apos;1.7.0_51&apos;
Driver info: driver.version: RemoteWebDriver
	at org.openqa.selenium.remote.ErrorHandler.throwIfResponseFailed(ErrorHandler.java:138)
	... 33 more
Caused by: org.openqa.selenium.NoSuchElementException: Unable to locate element: {&quot;method&quot;:&quot;link text&quot;,&quot;selector&quot;:&quot;Posts&quot;}
For documentation on this error, please visit: http://seleniumhq.org/exceptions/no_such_element.html
Build info: version: &apos;2.51.0&apos;, revision: &apos;1af067d&apos;, time: &apos;2016-02-05 19:15:17&apos;
System info: host: &apos;N/A&apos;, ip: &apos;N/A&apos;, os.name: &apos;Linux&apos;, os.arch: &apos;amd64&apos;, os.version: &apos;2.6.32-573.el6.x86_64&apos;, java.version: &apos;1.7.0_79&apos;
Driver info: driver.version: unknown
For documentation on this error, please visit: http://seleniumhq.org/exceptions/no_such_element.html
Build info: version: &apos;2.52.0&apos;, revision: &apos;4c2593cfc3689a7fcd7be52549167e5ccc93ad28&apos;, time: &apos;2016-02-11 11:22:43&apos;
System info: host: &apos;HJ-AEPAEP1637&apos;, ip: &apos;10.51.231.3&apos;, os.name: &apos;Windows 7&apos;, os.arch: &apos;amd64&apos;, os.version: &apos;6.1&apos;, java.version: &apos;1.7.0_51&apos;
Driver info: driver.version: unknown
	at &lt;anonymous class&gt;.FirefoxDriver.prototype.findElementInternal_(file:///tmp/anonymous2383006670495297886webdriver-profile/extensions/fxdriver@googlecode.com/components/driver-component.js:10723)
	at &lt;anonymous class&gt;.fxdriver.Timer.prototype.setTimeout/&lt;.notify(file:///tmp/anonymous2383006670495297886webdriver-profile/extensions/fxdriver@googlecode.com/components/driver-component.js:623)
</failure>
    <system-out>Delete Post: Looping through... - Mon Feb 29 23:57:14 IST 2016
Search Post: Starting search for Post To be Deleted - Mon Feb 29 23:57:14 IST 2016
Search Post: Number of matching post: 1 - Mon Feb 29 23:57:14 IST 2016
Delete Post: Looking for first row to delete. - Mon Feb 29 23:57:14 IST 2016
Delete Post: Post deleted! - Mon Feb 29 23:57:14 IST 2016
Search Post: Starting search for Post to Deleted - Mon Feb 29 23:57:14 IST 2016
</system-out>
  </testcase>
  <testcase time="39.358" classname="com.main.testcases.Workflow1" name="addSearchDeletePost"/>
  <testcase time="8.718" classname="com.main.testcases.Workflow2" name="verifyHomePage"/>
  <testcase time="10.838" classname="com.main.testcases.Workflow2" name="searchPost">
    <failure message="expected [true] but found [false]" type="java.lang.AssertionError">java.lang.AssertionError: expected [true] but found [false]
	at org.testng.Assert.fail(Assert.java:94)
	at org.testng.Assert.failNotEquals(Assert.java:494)
	at org.testng.Assert.assertTrue(Assert.java:42)
	at org.testng.Assert.assertTrue(Assert.java:52)
	at com.main.testcases.Workflow2.searchPost(Workflow2.java:45)
</failure>
  </testcase>
  <testcase time="3.065" classname="com.main.testcases.Workflow2" name="verifyLinksOnPage"/>
  <testcase time="5.455" classname="com.main.testcases.Workflow2" name="setup">
    <failure message="Unable to connect to host 127.0.0.1 on port 7055 after 45000 ms. Firefox console output:

Command duration or timeout: 45.28 seconds
Build info: version: &apos;2.52.0&apos;, revision: &apos;4c2593cfc3689a7fcd7be52549167e5ccc93ad28&apos;, time: &apos;2016-02-11 11:22:43&apos;
System info: host: &apos;HJ-AEPAEP1637&apos;, ip: &apos;10.51.231.3&apos;, os.name: &apos;Windows 7&apos;, os.arch: &apos;amd64&apos;, os.version: &apos;6.1&apos;, java.version: &apos;1.7.0_51&apos;
Driver info: org.openqa.selenium.remote.RemoteWebDriver" type="org.openqa.selenium.WebDriverException">org.openqa.selenium.WebDriverException: Unable to connect to host 127.0.0.1 on port 7055 after 45000 ms. Firefox console output:
Command duration or timeout: 45.28 seconds
Build info: version: &apos;2.52.0&apos;, revision: &apos;4c2593cfc3689a7fcd7be52549167e5ccc93ad28&apos;, time: &apos;2016-02-11 11:22:43&apos;
System info: host: &apos;HJ-AEPAEP1637&apos;, ip: &apos;10.51.231.3&apos;, os.name: &apos;Windows 7&apos;, os.arch: &apos;amd64&apos;, os.version: &apos;6.1&apos;, java.version: &apos;1.7.0_51&apos;
Driver info: org.openqa.selenium.remote.RemoteWebDriver
	at sun.reflect.NativeConstructorAccessorImpl.newInstance0(Native Method)
	at sun.reflect.NativeConstructorAccessorImpl.newInstance(NativeConstructorAccessorImpl.java:57)
	at sun.reflect.DelegatingConstructorAccessorImpl.newInstance(DelegatingConstructorAccessorImpl.java:45)
	at java.lang.reflect.Constructor.newInstance(Constructor.java:526)
	at org.openqa.selenium.remote.ErrorHandler.createThrowable(ErrorHandler.java:206)
	at org.openqa.selenium.remote.ErrorHandler.throwIfResponseFailed(ErrorHandler.java:158)
	at org.openqa.selenium.remote.RemoteWebDriver.execute(RemoteWebDriver.java:678)
	at org.openqa.selenium.remote.RemoteWebDriver.startSession(RemoteWebDriver.java:249)
	at org.openqa.selenium.remote.RemoteWebDriver.&lt;init&gt;(RemoteWebDriver.java:131)
	at org.openqa.selenium.remote.RemoteWebDriver.&lt;init&gt;(RemoteWebDriver.java:158)
	at com.main.pof.GenericFunctions.setup(GenericFunctions.java:49)
	at sun.reflect.NativeMethodAccessorImpl.invoke0(Native Method)
	at sun.reflect.NativeMethodAccessorImpl.invoke(NativeMethodAccessorImpl.java:57)
	at sun.reflect.DelegatingMethodAccessorImpl.invoke(DelegatingMethodAccessorImpl.java:43)
	at java.lang.reflect.Method.invoke(Method.java:606)
	at org.testng.internal.MethodInvocationHelper.invokeMethod(MethodInvocationHelper.java:80)
	at org.testng.internal.Invoker.invokeConfigurationMethod(Invoker.java:564)
	at org.testng.internal.Invoker.invokeConfigurations(Invoker.java:213)
	at org.testng.internal.Invoker.invokeConfigurations(Invoker.java:138)
	at org.testng.internal.TestMethodWorker.invokeBeforeClassMethods(TestMethodWorker.java:175)
	at org.testng.internal.TestMethodWorker.run(TestMethodWorker.java:107)
	at org.testng.TestRunner.privateRun(TestRunner.java:767)
	at org.testng.TestRunner.run(TestRunner.java:617)
	at org.testng.SuiteRunner.runTest(SuiteRunner.java:334)
	at org.testng.SuiteRunner.access$000(SuiteRunner.java:37)
	at org.testng.SuiteRunner$SuiteWorker.run(SuiteRunner.java:368)
	at org.testng.internal.thread.ThreadUtil$2.call(ThreadUtil.java:64)
	at java.util.concurrent.FutureTask.run(FutureTask.java:262)
	at java.util.concurrent.ThreadPoolExecutor.runWorker(ThreadPoolExecutor.java:1145)
	at java.util.concurrent.ThreadPoolExecutor$Worker.run(ThreadPoolExecutor.java:615)
	at java.lang.Thread.run(Thread.java:744)
Caused by: org.openqa.selenium.remote.ErrorHandler$UnknownServerException: Unable to connect to host 127.0.0.1 on port 7055 after 45000 ms. Firefox console output:
Build info: version: &apos;2.52.0&apos;, revision: &apos;4c2593cfc3689a7fcd7be52549167e5ccc93ad28&apos;, time: &apos;2016-02-11 11:22:43&apos;
System info: host: &apos;HJ-AEPAEP1637&apos;, ip: &apos;10.51.231.3&apos;, os.name: &apos;Windows 7&apos;, os.arch: &apos;amd64&apos;, os.version: &apos;6.1&apos;, java.version: &apos;1.7.0_51&apos;
Driver info: driver.version: FirefoxDriver
	at org.openqa.selenium.firefox.internal.NewProfileExtensionConnection.start(NewProfileExtensionConnection.java:112)
	at org.openqa.selenium.firefox.FirefoxDriver.startClient(FirefoxDriver.java:271)
	at org.openqa.selenium.remote.RemoteWebDriver.&lt;init&gt;(RemoteWebDriver.java:119)
	at org.openqa.selenium.firefox.FirefoxDriver.&lt;init&gt;(FirefoxDriver.java:218)
	at org.openqa.selenium.firefox.FirefoxDriver.&lt;init&gt;(FirefoxDriver.java:211)
	at org.openqa.selenium.firefox.FirefoxDriver.&lt;init&gt;(FirefoxDriver.java:129)
	at sun.reflect.NativeConstructorAccessorImpl.newInstance0(Native Method)
	at sun.reflect.NativeConstructorAccessorImpl.newInstance(NativeConstructorAccessorImpl.java:57)
	at sun.reflect.DelegatingConstructorAccessorImpl.newInstance(DelegatingConstructorAccessorImpl.java:45)
	at java.lang.reflect.Constructor.newInstance(Constructor.java:526)
	at org.openqa.selenium.remote.server.FirefoxDriverProvider.callConstructor(FirefoxDriverProvider.java:91)
	at org.openqa.selenium.remote.server.FirefoxDriverProvider.newInstance(FirefoxDriverProvider.java:68)
	at org.openqa.selenium.remote.server.DefaultDriverFactory.newInstance(DefaultDriverFactory.java:60)
	at org.openqa.selenium.remote.server.DefaultSession$BrowserCreator.call(DefaultSession.java:222)
	at org.openqa.selenium.remote.server.DefaultSession$BrowserCreator.call(DefaultSession.java:1)
	at java.util.concurrent.FutureTask.run(FutureTask.java:262)
	at org.openqa.selenium.remote.server.DefaultSession$1.run(DefaultSession.java:176)
	at java.util.concurrent.ThreadPoolExecutor.runWorker(ThreadPoolExecutor.java:1145)
	at java.util.concurrent.ThreadPoolExecutor$Worker.run(ThreadPoolExecutor.java:615)
	at java.lang.Thread.run(Thread.java:745)
Caused by: org.openqa.selenium.remote.ErrorHandler$UnknownServerException: Unable to connect to host 127.0.0.1 on port 7055 after 45000 ms. Firefox console output:
Build info: version: &apos;2.52.0&apos;, revision: &apos;4c2593cfc3689a7fcd7be52549167e5ccc93ad28&apos;, time: &apos;2016-02-11 11:22:43&apos;
System info: host: &apos;HJ-AEPAEP1637&apos;, ip: &apos;10.51.231.3&apos;, os.name: &apos;Windows 7&apos;, os.arch: &apos;amd64&apos;, os.version: &apos;6.1&apos;, java.version: &apos;1.7.0_51&apos;
Driver info: driver.version: FirefoxDriver
	at org.openqa.selenium.firefox.internal.NewProfileExtensionConnection.start(NewProfileExtensionConnection.java:112)
	at org.openqa.selenium.firefox.FirefoxDriver.startClient(FirefoxDriver.java:271)
	at org.openqa.selenium.remote.RemoteWebDriver.&lt;init&gt;(RemoteWebDriver.java:119)
	at org.openqa.selenium.firefox.FirefoxDriver.&lt;init&gt;(FirefoxDriver.java:218)
	at org.openqa.selenium.firefox.FirefoxDriver.&lt;init&gt;(FirefoxDriver.java:211)
	at org.openqa.selenium.firefox.FirefoxDriver.&lt;init&gt;(FirefoxDriver.java:129)
	at sun.reflect.NativeConstructorAccessorImpl.newInstance0(Native Method)
	at sun.reflect.NativeConstructorAccessorImpl.newInstance(NativeConstructorAccessorImpl.java:57)
	at sun.reflect.DelegatingConstructorAccessorImpl.newInstance(DelegatingConstructorAccessorImpl.java:45)
	at java.lang.reflect.Constructor.newInstance(Constructor.java:526)
	at org.openqa.selenium.remote.server.FirefoxDriverProvider.callConstructor(FirefoxDriverProvider.java:91)
	at org.openqa.selenium.remote.server.FirefoxDriverProvider.newInstance(FirefoxDriverProvider.java:68)
	at org.openqa.selenium.remote.server.DefaultDriverFactory.newInstance(DefaultDriverFactory.java:60)
	at org.openqa.selenium.remote.server.DefaultSession$BrowserCreator.call(DefaultSession.java:222)
	at org.openqa.selenium.remote.server.DefaultSession$BrowserCreator.call(DefaultSession.java:1)
	at java.util.concurrent.FutureTask.run(FutureTask.java:262)
	at org.openqa.selenium.remote.server.DefaultSession$1.run(DefaultSession.java:176)
	at java.util.concurrent.ThreadPoolExecutor.runWorker(ThreadPoolExecutor.java:1145)
	at java.util.concurrent.ThreadPoolExecutor$Worker.run(ThreadPoolExecutor.java:615)
	at java.lang.Thread.run(Thread.java:745)
</failure>
  </testcase>
  <testcase time="0" classname="com.main.testcases.Workflow2" name="verifyHomePage">
    <skipped/>
  </testcase>
  <testcase time="0" classname="com.main.testcases.Workflow2" name="takeScreenShotOnFailure">
    <skipped/>
  </testcase>
  <testcase time="0" classname="com.main.testcases.Workflow2" name="searchPost">
    <skipped/>
  </testcase>
  <testcase time="0" classname="com.main.testcases.Workflow2" name="takeScreenShotOnFailure">
    <skipped/>
  </testcase>
  <testcase time="0" classname="com.main.testcases.Workflow2" name="verifyLinksOnPage">
    <skipped/>
  </testcase>
  <testcase time="0" classname="com.main.testcases.Workflow2" name="takeScreenShotOnFailure">
    <skipped/>
  </testcase>
  <testcase time="0" classname="com.main.testcases.Workflow2" name="postComment">
    <skipped/>
  </testcase>
  <testcase time="0" classname="com.main.testcases.Workflow2" name="takeScreenShotOnFailure">
    <skipped/>
  </testcase>
  <testcase time="0" classname="com.main.testcases.Workflow2" name="tearDown">
    <skipped/>
  </testcase>
  <testcase time="5.998" classname="com.main.testcases.Workflow2" name="postComment"/>
</testsuite>