<?xml version="1.0" encoding="UTF-8"?>
<testng-results skipped="4" failed="0" total="4" passed="0">
  <reporter-output>
  </reporter-output>
  <suite name="Suite" duration-ms="805" started-at="2016-02-29T14:20:16Z" finished-at="2016-02-29T14:20:17Z">
    <groups>
    </groups>
    <test name="Test on chrome" duration-ms="805" started-at="2016-02-29T14:20:16Z" finished-at="2016-02-29T14:20:17Z">
      <class name="com.main.testcases.Workflow1">
        <test-method status="FAIL" signature="setup(java.lang.String, java.lang.String, java.lang.String)[pri:0, instance:com.main.testcases.Workflow1@f438e]" name="setup" is-config="true" duration-ms="0" started-at="2016-02-29T19:50:16Z" finished-at="2016-02-29T19:50:16Z">
          <params>
            <param index="0">
              <value>
                <![CDATA[firefox]]>
              </value>
            </param>
            <param index="1">
              <value>
                <![CDATA[localhost]]>
              </value>
            </param>
            <param index="2">
              <value>
                <![CDATA[81]]>
              </value>
            </param>
          </params>
          <exception class="org.openqa.selenium.UnsupportedCommandException">
            <message>
              <![CDATA[<!DOCTYPE HTML PUBLIC "-//IETF//DTD HTML 2.0//EN">
<html><head>
<title>404 Not Found</title>
</head><body>
<h1>Not Found</h1>
<p>The requested URL /wd/hub/session was not found on this server.</p>
</body></html>
Command duration or timeout: 272 milliseconds
Build info: version: '2.52.0', revision: '4c2593cfc3689a7fcd7be52549167e5ccc93ad28', time: '2016-02-11 11:22:43'
System info: host: 'PSNGI3228', ip: '10.222.35.190', os.name: 'Windows 7', os.arch: 'x86', os.version: '6.1', java.version: '1.8.0_31'
Driver info: org.openqa.selenium.remote.RemoteWebDriver]]>
            </message>
            <full-stacktrace>
              <![CDATA[org.openqa.selenium.UnsupportedCommandException: <!DOCTYPE HTML PUBLIC "-//IETF//DTD HTML 2.0//EN">
<html><head>
<title>404 Not Found</title>
</head><body>
<h1>Not Found</h1>
<p>The requested URL /wd/hub/session was not found on this server.</p>
</body></html>
Command duration or timeout: 272 milliseconds
Build info: version: '2.52.0', revision: '4c2593cfc3689a7fcd7be52549167e5ccc93ad28', time: '2016-02-11 11:22:43'
System info: host: 'PSNGI3228', ip: '10.222.35.190', os.name: 'Windows 7', os.arch: 'x86', os.version: '6.1', java.version: '1.8.0_31'
Driver info: org.openqa.selenium.remote.RemoteWebDriver
	at sun.reflect.NativeConstructorAccessorImpl.newInstance0(Native Method)
	at sun.reflect.NativeConstructorAccessorImpl.newInstance(Unknown Source)
	at sun.reflect.DelegatingConstructorAccessorImpl.newInstance(Unknown Source)
	at java.lang.reflect.Constructor.newInstance(Unknown Source)
	at org.openqa.selenium.remote.ErrorHandler.createThrowable(ErrorHandler.java:206)
	at org.openqa.selenium.remote.ErrorHandler.throwIfResponseFailed(ErrorHandler.java:158)
	at org.openqa.selenium.remote.RemoteWebDriver.execute(RemoteWebDriver.java:678)
	at org.openqa.selenium.remote.RemoteWebDriver.startSession(RemoteWebDriver.java:249)
	at org.openqa.selenium.remote.RemoteWebDriver.<init>(RemoteWebDriver.java:131)
	at org.openqa.selenium.remote.RemoteWebDriver.<init>(RemoteWebDriver.java:158)
	at com.main.pof.GenericFunctions.setup(GenericFunctions.java:53)
	at sun.reflect.NativeMethodAccessorImpl.invoke0(Native Method)
	at sun.reflect.NativeMethodAccessorImpl.invoke(Unknown Source)
	at sun.reflect.DelegatingMethodAccessorImpl.invoke(Unknown Source)
	at java.lang.reflect.Method.invoke(Unknown Source)
	at org.testng.internal.MethodInvocationHelper.invokeMethod(MethodInvocationHelper.java:85)
	at org.testng.internal.Invoker.invokeConfigurationMethod(Invoker.java:517)
	at org.testng.internal.Invoker.invokeConfigurations(Invoker.java:213)
	at org.testng.internal.Invoker.invokeConfigurations(Invoker.java:140)
	at org.testng.internal.TestMethodWorker.invokeBeforeClassMethods(TestMethodWorker.java:170)
	at org.testng.internal.TestMethodWorker.run(TestMethodWorker.java:104)
	at org.testng.TestRunner.privateRun(TestRunner.java:771)
	at org.testng.TestRunner.run(TestRunner.java:621)
	at org.testng.SuiteRunner.runTest(SuiteRunner.java:357)
	at org.testng.SuiteRunner.access$000(SuiteRunner.java:38)
	at org.testng.SuiteRunner$SuiteWorker.run(SuiteRunner.java:391)
	at org.testng.internal.thread.ThreadUtil$2.call(ThreadUtil.java:64)
	at java.util.concurrent.FutureTask.run(Unknown Source)
	at java.util.concurrent.ThreadPoolExecutor.runWorker(Unknown Source)
	at java.util.concurrent.ThreadPoolExecutor$Worker.run(Unknown Source)
	at java.lang.Thread.run(Unknown Source)
]]>
            </full-stacktrace>
          </exception> <!-- org.openqa.selenium.UnsupportedCommandException -->
          <reporter-output>
          </reporter-output>
        </test-method> <!-- setup -->
        <test-method status="SKIP" signature="testLoginSuccess(java.lang.String, java.lang.String)[pri:0, instance:com.main.testcases.Workflow1@f438e]" name="testLoginSuccess" duration-ms="1" started-at="2016-02-29T19:50:17Z" data-provider="DP1" finished-at="2016-02-29T19:50:17Z">
          <params>
            <param index="0">
              <value>
                <![CDATA[admin]]>
              </value>
            </param>
            <param index="1">
              <value>
                <![CDATA[Siteadmin@123]]>
              </value>
            </param>
          </params>
          <reporter-output>
          </reporter-output>
        </test-method> <!-- testLoginSuccess -->
        <test-method status="SKIP" signature="takeScreenShotOnFailure(org.testng.ITestResult, java.lang.String)[pri:0, instance:com.main.testcases.Workflow1@f438e]" name="takeScreenShotOnFailure" is-config="true" duration-ms="0" started-at="2016-02-29T19:50:17Z" finished-at="2016-02-29T19:50:17Z">
          <reporter-output>
          </reporter-output>
        </test-method> <!-- takeScreenShotOnFailure -->
        <test-method status="SKIP" signature="createNewPost(java.lang.String, java.lang.String, java.lang.String)[pri:0, instance:com.main.testcases.Workflow1@f438e]" name="createNewPost" duration-ms="1" started-at="2016-02-29T19:50:17Z" data-provider="DP2" finished-at="2016-02-29T19:50:17Z">
          <params>
            <param index="0">
              <value>
                <![CDATA[Firstpost]]>
              </value>
            </param>
            <param index="1">
              <value>
                <![CDATA[admin]]>
              </value>
            </param>
            <param index="2">
              <value>
                <![CDATA[Siteadmin@123]]>
              </value>
            </param>
          </params>
          <reporter-output>
          </reporter-output>
        </test-method> <!-- createNewPost -->
        <test-method status="SKIP" signature="takeScreenShotOnFailure(org.testng.ITestResult, java.lang.String)[pri:0, instance:com.main.testcases.Workflow1@f438e]" name="takeScreenShotOnFailure" is-config="true" duration-ms="0" started-at="2016-02-29T19:50:17Z" finished-at="2016-02-29T19:50:17Z">
          <reporter-output>
          </reporter-output>
        </test-method> <!-- takeScreenShotOnFailure -->
        <test-method status="SKIP" signature="searchPostOnUI(java.lang.String, java.lang.String)[pri:0, instance:com.main.testcases.Workflow1@f438e]" name="searchPostOnUI" duration-ms="1" started-at="2016-02-29T19:50:17Z" data-provider="DP1" finished-at="2016-02-29T19:50:17Z">
          <params>
            <param index="0">
              <value>
                <![CDATA[admin]]>
              </value>
            </param>
            <param index="1">
              <value>
                <![CDATA[Siteadmin@123]]>
              </value>
            </param>
          </params>
          <reporter-output>
          </reporter-output>
        </test-method> <!-- searchPostOnUI -->
        <test-method status="SKIP" signature="addSearchDeletePost()[pri:0, instance:com.main.testcases.Workflow1@f438e]" name="addSearchDeletePost" duration-ms="1" started-at="2016-02-29T19:50:17Z" finished-at="2016-02-29T19:50:17Z">
          <reporter-output>
          </reporter-output>
        </test-method> <!-- addSearchDeletePost -->
        <test-method status="SKIP" signature="takeScreenShotOnFailure(org.testng.ITestResult, java.lang.String)[pri:0, instance:com.main.testcases.Workflow1@f438e]" name="takeScreenShotOnFailure" is-config="true" duration-ms="0" started-at="2016-02-29T19:50:17Z" finished-at="2016-02-29T19:50:17Z">
          <reporter-output>
          </reporter-output>
        </test-method> <!-- takeScreenShotOnFailure -->
        <test-method status="SKIP" signature="takeScreenShotOnFailure(org.testng.ITestResult, java.lang.String)[pri:0, instance:com.main.testcases.Workflow1@f438e]" name="takeScreenShotOnFailure" is-config="true" duration-ms="0" started-at="2016-02-29T19:50:17Z" finished-at="2016-02-29T19:50:17Z">
          <reporter-output>
          </reporter-output>
        </test-method> <!-- takeScreenShotOnFailure -->
        <test-method status="SKIP" signature="tearDown()[pri:0, instance:com.main.testcases.Workflow1@f438e]" name="tearDown" is-config="true" duration-ms="0" started-at="2016-02-29T19:50:17Z" finished-at="2016-02-29T19:50:17Z">
          <reporter-output>
          </reporter-output>
        </test-method> <!-- tearDown -->
      </class> <!-- com.main.testcases.Workflow1 -->
    </test> <!-- Test on chrome -->
  </suite> <!-- Suite -->
</testng-results>
